#
# There is insufficient memory for the Java Runtime Environment to continue.
# Native memory allocation (malloc) failed to allocate 462016 bytes for Chunk::new
# Possible reasons:
#   The system is out of physical RAM or swap space
#   The process is running with CompressedOops enabled, and the Java Heap may be blocking the growth of the native heap
# Possible solutions:
#   Reduce memory load on the system
#   Increase physical memory or swap space
#   Check if swap backing store is full
#   Decrease Java heap size (-Xmx/-Xms)
#   Decrease number of Java threads
#   Decrease Java thread stack sizes (-Xss)
#   Set larger code cache with -XX:ReservedCodeCacheSize=
#   JVM is running with Unscaled Compressed Oops mode in which the Java heap is
#     placed in the first 4GB address space. The Java Heap base address is the
#     maximum limit for the native heap growth. Please use -XX:HeapBaseMinAddress
#     to set the Java Heap base and to place the Java Heap above 4GB virtual address.
# This output file may be truncated or incomplete.
#
#  Out of Memory Error (src/hotspot/share/memory/arena.cpp:197), pid=123956, tid=124084
#
# JRE version: OpenJDK Runtime Environment (11.0.15) (build 11.0.15+0-b2043.56-9505619)
# Java VM: OpenJDK 64-Bit Server VM (11.0.15+0-b2043.56-9505619, mixed mode, tiered, compressed oops, g1 gc, windows-amd64)
# No core dump will be written. Minidumps are not enabled by default on client versions of Windows
#

---------------  S U M M A R Y ------------

Command Line: --add-opens=java.base/java.util=ALL-UNNAMED --add-opens=java.base/java.lang=ALL-UNNAMED --add-opens=java.base/java.lang.invoke=ALL-UNNAMED --add-opens=java.base/java.util=ALL-UNNAMED --add-opens=java.prefs/java.util.prefs=ALL-UNNAMED --add-opens=java.prefs/java.util.prefs=ALL-UNNAMED --add-opens=java.base/java.nio.charset=ALL-UNNAMED --add-opens=java.base/java.net=ALL-UNNAMED --add-opens=java.base/java.util.concurrent.atomic=ALL-UNNAMED -Xmx2048m -Dfile.encoding=UTF-8 -Duser.country=US -Duser.language=en -Duser.variant org.gradle.launcher.daemon.bootstrap.GradleDaemon 7.5

Host: Intel(R) Core(TM) i5-8365U CPU @ 1.60GHz, 8 cores, 15G,  Windows 10 , 64 bit Build 19041 (10.0.19041.2546)
Time: Wed Mar  8 20:41:26 2023 Pacific Standard Time elapsed time: 1234.184306 seconds (0d 0h 20m 34s)

---------------  T H R E A D  ---------------

Current thread (0x000001d4c8372800):  JavaThread "C2 CompilerThread0" daemon [_thread_in_native, id=124084, stack(0x00000093e7300000,0x00000093e7400000)]


Current CompileTask:
C2:1234184 19745       4       org.gradle.internal.service.DefaultServiceRegistry$OwnServices::add (117 bytes)

Stack: [0x00000093e7300000,0x00000093e7400000]
Native frames: (J=compiled Java code, j=interpreted, Vv=VM code, C=native code)
V  [jvm.dll+0x64135a]
V  [jvm.dll+0x7d39f9]
V  [jvm.dll+0x7d51b9]
V  [jvm.dll+0x7d58a3]
V  [jvm.dll+0x2691c5]
V  [jvm.dll+0xc1a5c]
V  [jvm.dll+0xc200c]
V  [jvm.dll+0x2da2c2]
V  [jvm.dll+0x54cad9]
V  [jvm.dll+0x22a011]
V  [jvm.dll+0x223809]
V  [jvm.dll+0x220384]
V  [jvm.dll+0x19e851]
V  [jvm.dll+0x230479]
V  [jvm.dll+0x22e5ef]
V  [jvm.dll+0x794de1]
V  [jvm.dll+0x78dc24]
V  [jvm.dll+0x6400f6]
C  [ucrtbase.dll+0x21bb2]
C  [KERNEL32.DLL+0x17614]
C  [ntdll.dll+0x526a1]


---------------  P R O C E S S  ---------------

Threads class SMR info:
_java_thread_list=0x000001d4caf1c690, length=52, elements={
0x000001d4ab616000, 0x000001d4c830a800, 0x000001d4c830e000, 0x000001d4c836b800,
0x000001d4c836c800, 0x000001d4c8370800, 0x000001d4c8372800, 0x000001d4c8373800,
0x000001d4c8376800, 0x000001d4c84e2000, 0x000001d4ca828800, 0x000001d4c9e07800,
0x000001d4c88ce000, 0x000001d4cb7b9800, 0x000001d4cb7b8800, 0x000001d4cb7ba800,
0x000001d4cb7bb000, 0x000001d4cb7b8000, 0x000001d4cb7bd000, 0x000001d4cbed5000,
0x000001d4cbeda000, 0x000001d4cbed7000, 0x000001d4cbedb000, 0x000001d4cbed7800,
0x000001d4cbed6000, 0x000001d4cb551800, 0x000001d4cb552800, 0x000001d4cb54d800,
0x000001d4cb55a000, 0x000001d4d360a000, 0x000001d4ce0d7000, 0x000001d4d360c800,
0x000001d4d360d800, 0x000001d4c97ff800, 0x000001d4d01e4800, 0x000001d4d01e5000,
0x000001d4d01df800, 0x000001d4d01e6000, 0x000001d4d01e7000, 0x000001d4cafe4800,
0x000001d4cafe6000, 0x000001d4cafe8000, 0x000001d4cafe5800, 0x000001d4cafe2000,
0x000001d4cafe7000, 0x000001d4cafe8800, 0x000001d4cafe3000, 0x000001d4cafe9800,
0x000001d4cafe4000, 0x000001d4caff0000, 0x000001d4cafea800, 0x000001d4cae88800
}

Java Threads: ( => current thread )
  0x000001d4ab616000 JavaThread "main" [_thread_blocked, id=124036, stack(0x00000093e6700000,0x00000093e6800000)]
  0x000001d4c830a800 JavaThread "Reference Handler" daemon [_thread_blocked, id=124064, stack(0x00000093e6e00000,0x00000093e6f00000)]
  0x000001d4c830e000 JavaThread "Finalizer" daemon [_thread_blocked, id=124068, stack(0x00000093e6f00000,0x00000093e7000000)]
  0x000001d4c836b800 JavaThread "Signal Dispatcher" daemon [_thread_blocked, id=124072, stack(0x00000093e7000000,0x00000093e7100000)]
  0x000001d4c836c800 JavaThread "Attach Listener" daemon [_thread_blocked, id=124076, stack(0x00000093e7100000,0x00000093e7200000)]
  0x000001d4c8370800 JavaThread "Service Thread" daemon [_thread_blocked, id=124080, stack(0x00000093e7200000,0x00000093e7300000)]
=>0x000001d4c8372800 JavaThread "C2 CompilerThread0" daemon [_thread_in_native, id=124084, stack(0x00000093e7300000,0x00000093e7400000)]
  0x000001d4c8373800 JavaThread "C1 CompilerThread0" daemon [_thread_blocked, id=124088, stack(0x00000093e7400000,0x00000093e7500000)]
  0x000001d4c8376800 JavaThread "Sweeper thread" daemon [_thread_blocked, id=124092, stack(0x00000093e7500000,0x00000093e7600000)]
  0x000001d4c84e2000 JavaThread "Common-Cleaner" daemon [_thread_blocked, id=124108, stack(0x00000093e7600000,0x00000093e7700000)]
  0x000001d4ca828800 JavaThread "Daemon health stats" [_thread_blocked, id=124488, stack(0x00000093e7f00000,0x00000093e8000000)]
  0x000001d4c9e07800 JavaThread "Incoming local TCP Connector on port 64750" [_thread_in_native, id=124564, stack(0x00000093e7800000,0x00000093e7900000)]
  0x000001d4c88ce000 JavaThread "Daemon periodic checks" [_thread_blocked, id=124568, stack(0x00000093e7900000,0x00000093e7a00000)]
  0x000001d4cb7b9800 JavaThread "Cache worker for journal cache (C:\Users\ITSloaner\.gradle\caches\journal-1)" [_thread_blocked, id=124716, stack(0x00000093e8700000,0x00000093e8800000)]
  0x000001d4cb7b8800 JavaThread "File lock request listener" [_thread_in_native, id=124724, stack(0x00000093e8800000,0x00000093e8900000)]
  0x000001d4cb7ba800 JavaThread "Cache worker for file hash cache (C:\Users\ITSloaner\.gradle\caches\7.5\fileHashes)" [_thread_blocked, id=124728, stack(0x00000093e8900000,0x00000093e8a00000)]
  0x000001d4cb7bb000 JavaThread "File watcher server" daemon [_thread_in_native, id=124100, stack(0x00000093e8d00000,0x00000093e8e00000)]
  0x000001d4cb7b8000 JavaThread "File watcher consumer" daemon [_thread_blocked, id=113044, stack(0x00000093e8e00000,0x00000093e8f00000)]
  0x000001d4cb7bd000 JavaThread "Cache worker for file content cache (C:\Users\ITSloaner\.gradle\caches\7.5\fileContent)" [_thread_blocked, id=122148, stack(0x00000093e9100000,0x00000093e9200000)]
  0x000001d4cbed5000 JavaThread "Cache worker for execution history cache (C:\Users\ITSloaner\.gradle\caches\7.5\executionHistory)" [_thread_blocked, id=113720, stack(0x00000093e9400000,0x00000093e9500000)]
  0x000001d4cbeda000 JavaThread "jar transforms" [_thread_blocked, id=124220, stack(0x00000093e9500000,0x00000093e9600000)]
  0x000001d4cbed7000 JavaThread "jar transforms Thread 2" [_thread_blocked, id=124396, stack(0x00000093e9700000,0x00000093e9800000)]
  0x000001d4cbedb000 JavaThread "jar transforms Thread 3" [_thread_blocked, id=124444, stack(0x00000093e9900000,0x00000093e9a00000)]
  0x000001d4cbed7800 JavaThread "jar transforms Thread 4" [_thread_blocked, id=124416, stack(0x00000093e9a00000,0x00000093e9b00000)]
  0x000001d4cbed6000 JavaThread "jar transforms Thread 5" [_thread_blocked, id=103920, stack(0x00000093e9600000,0x00000093e9700000)]
  0x000001d4cb551800 JavaThread "jar transforms Thread 6" [_thread_blocked, id=122612, stack(0x00000093eed00000,0x00000093eee00000)]
  0x000001d4cb552800 JavaThread "jar transforms Thread 7" [_thread_blocked, id=102720, stack(0x00000093eee00000,0x00000093eef00000)]
  0x000001d4cb54d800 JavaThread "jar transforms Thread 8" [_thread_blocked, id=114956, stack(0x00000093eef00000,0x00000093ef000000)]
  0x000001d4cb55a000 JavaThread "Memory manager" [_thread_blocked, id=51576, stack(0x00000093ef200000,0x00000093ef300000)]
  0x000001d4d360a000 JavaThread "Cache worker for Java compile cache (C:\Users\ITSloaner\.gradle\caches\7.5\javaCompile)" [_thread_blocked, id=116212, stack(0x00000093efd00000,0x00000093efe00000)]
  0x000001d4ce0d7000 JavaThread "ForkJoinPool.commonPool-worker-5" daemon [_thread_blocked, id=112588, stack(0x00000093f1000000,0x00000093f1100000)]
  0x000001d4d360c800 JavaThread "Daemon Thread 3" [_thread_blocked, id=125824, stack(0x00000093e6400000,0x00000093e6500000)]
  0x000001d4d360d800 JavaThread "Daemon worker Thread 3" [_thread_in_native, id=126508, stack(0x00000093e8000000,0x00000093e8100000)]
  0x000001d4c97ff800 JavaThread "included builds" [_thread_blocked, id=126492, stack(0x00000093ef100000,0x00000093ef200000)]
  0x000001d4d01e4800 JavaThread "ForkJoinPool.commonPool-worker-1" daemon [_thread_blocked, id=127724, stack(0x00000093f1200000,0x00000093f1300000)]
  0x000001d4d01e5000 JavaThread "ForkJoinPool.commonPool-worker-3" daemon [_thread_blocked, id=127728, stack(0x00000093f1300000,0x00000093f1400000)]
  0x000001d4d01df800 JavaThread "ForkJoinPool.commonPool-worker-7" daemon [_thread_blocked, id=127732, stack(0x00000093f1400000,0x00000093f1500000)]
  0x000001d4d01e6000 JavaThread "ForkJoinPool.commonPool-worker-9" daemon [_thread_blocked, id=127736, stack(0x00000093f1500000,0x00000093f1600000)]
  0x000001d4d01e7000 JavaThread "ForkJoinPool.commonPool-worker-11" daemon [_thread_blocked, id=127740, stack(0x00000093f1600000,0x00000093f1700000)]
  0x000001d4cafe4800 JavaThread "ForkJoinPool.commonPool-worker-13" daemon [_thread_blocked, id=127744, stack(0x00000093f1700000,0x00000093f1800000)]
  0x000001d4cafe6000 JavaThread "Handler for socket connection from /127.0.0.1:64750 to /127.0.0.1:65434" [_thread_in_native, id=127412, stack(0x00000093e6600000,0x00000093e6700000)]
  0x000001d4cafe8000 JavaThread "Cancel handler" [_thread_blocked, id=127408, stack(0x00000093e8100000,0x00000093e8200000)]
  0x000001d4cafe5800 JavaThread "Asynchronous log dispatcher for DefaultDaemonConnection: socket connection from /127.0.0.1:64750 to /127.0.0.1:65434" [_thread_blocked, id=127432, stack(0x00000093e8200000,0x00000093e8300000)]
  0x000001d4cafe2000 JavaThread "Stdin handler" [_thread_blocked, id=127464, stack(0x00000093e8300000,0x00000093e8400000)]
  0x000001d4cafe7000 JavaThread "Daemon client event forwarder" [_thread_blocked, id=127456, stack(0x00000093e8400000,0x00000093e8500000)]
  0x000001d4cafe8800 JavaThread "Cache worker for checksums cache (C:\Users\ITSloaner\OneDrive\Desktop\cse-110-project-cse110-team-28\.gradle\7.5\checksums)" [_thread_blocked, id=127448, stack(0x00000093e8f00000,0x00000093e9000000)]
  0x000001d4cafe3000 JavaThread "Cache worker for cache directory md-rule (C:\Users\ITSloaner\.gradle\caches\7.5\md-rule)" [_thread_blocked, id=118288, stack(0x00000093e9000000,0x00000093e9100000)]
  0x000001d4cafe9800 JavaThread "Cache worker for file hash cache (C:\Users\ITSloaner\OneDrive\Desktop\cse-110-project-cse110-team-28\.gradle\7.5\fileHashes)" [_thread_blocked, id=127712, stack(0x00000093e9200000,0x00000093e9300000)]
  0x000001d4cafe4000 JavaThread "Cache worker for cache directory md-supplier (C:\Users\ITSloaner\.gradle\caches\7.5\md-supplier)" [_thread_blocked, id=121964, stack(0x00000093e9300000,0x00000093e9400000)]
  0x000001d4caff0000 JavaThread "Cache worker for dependencies-accessors (C:\Users\ITSloaner\OneDrive\Desktop\cse-110-project-cse110-team-28\.gradle\7.5\dependencies-accessors)" [_thread_blocked, id=105524, stack(0x00000093e9800000,0x00000093e9900000)]
  0x000001d4cafea800 JavaThread "Cache worker for Build Output Cleanup Cache (C:\Users\ITSloaner\OneDrive\Desktop\cse-110-project-cse110-team-28\.gradle\buildOutputCleanup)" [_thread_blocked, id=127820, stack(0x00000093e9b00000,0x00000093e9c00000)]
  0x000001d4cae88800 JavaThread "C2 CompilerThread1" daemon [_thread_in_native, id=120236, stack(0x00000093e9c00000,0x00000093e9d00000)]

Other Threads:
  0x000001d4c8306800 VMThread "VM Thread" [stack: 0x00000093e6d00000,0x00000093e6e00000] [id=124060]
  0x000001d4c84f9800 WatcherThread [stack: 0x00000093e7700000,0x00000093e7800000] [id=124112]
  0x000001d4ab62e800 GCTaskThread "GC Thread#0" [stack: 0x00000093e6800000,0x00000093e6900000] [id=124040]
  0x000001d4c9c18000 GCTaskThread "GC Thread#1" [stack: 0x00000093e7a00000,0x00000093e7b00000] [id=124140]
  0x000001d4c9ad3800 GCTaskThread "GC Thread#2" [stack: 0x00000093e7b00000,0x00000093e7c00000] [id=124144]
  0x000001d4c9392800 GCTaskThread "GC Thread#3" [stack: 0x00000093e7c00000,0x00000093e7d00000] [id=124148]
  0x000001d4ca1a0800 GCTaskThread "GC Thread#4" [stack: 0x00000093e7d00000,0x00000093e7e00000] [id=124152]
  0x000001d4c978a800 GCTaskThread "GC Thread#5" [stack: 0x00000093e7e00000,0x00000093e7f00000] [id=124156]
  0x000001d4c9326000 GCTaskThread "GC Thread#6" [stack: 0x00000093e8a00000,0x00000093e8b00000] [id=124732]
  0x000001d4c845d000 GCTaskThread "GC Thread#7" [stack: 0x00000093e8b00000,0x00000093e8c00000] [id=124736]
  0x000001d4ab661000 ConcurrentGCThread "G1 Main Marker" [stack: 0x00000093e6900000,0x00000093e6a00000] [id=124044]
  0x000001d4ab662000 ConcurrentGCThread "G1 Conc#0" [stack: 0x00000093e6a00000,0x00000093e6b00000] [id=124048]
  0x000001d4c96b8000 ConcurrentGCThread "G1 Conc#1" [stack: 0x00000093e8c00000,0x00000093e8d00000] [id=124740]
  0x000001d4ab6ed800 ConcurrentGCThread "G1 Refine#0" [stack: 0x00000093e6b00000,0x00000093e6c00000] [id=124052]
  0x000001d4cbf4d800 ConcurrentGCThread "G1 Refine#1" [stack: 0x00000093e8500000,0x00000093e8600000] [id=115876]
  0x000001d4d3237800 ConcurrentGCThread "G1 Refine#2" [stack: 0x00000093e8600000,0x00000093e8700000] [id=123236]
  0x000001d4c7955000 ConcurrentGCThread "G1 Young RemSet Sampling" [stack: 0x00000093e6c00000,0x00000093e6d00000] [id=124056]

Threads with active compile tasks:
C2 CompilerThread0  1234209 19745       4       org.gradle.internal.service.DefaultServiceRegistry$OwnServices::add (117 bytes)
C2 CompilerThread1  1234209 19764       4       org.gradle.api.internal.artifacts.ivyservice.modulecache.StringDeduplicatingDecoder::readNullableString (30 bytes)

VM state:not at safepoint (normal execution)

VM Mutex/Monitor currently owned by a thread: None

Heap address: 0x0000000080000000, size: 2048 MB, Compressed Oops mode: 32-bit
Narrow klass base: 0x0000000000000000, Narrow klass shift: 3
Compressed class space size: 1073741824 Address: 0x0000000100000000

Heap:
 garbage-first heap   total 260096K, used 144337K [0x0000000080000000, 0x0000000100000000)
  region size 1024K, 18 young (18432K), 6 survivors (6144K)
 Metaspace       used 124645K, capacity 128593K, committed 129024K, reserved 1161216K
  class space    used 15975K, capacity 17521K, committed 17664K, reserved 1048576K
Heap Regions: E=young(eden), S=young(survivor), O=old, HS=humongous(starts), HC=humongous(continues), CS=collection set, F=free, A=archive, TAMS=top-at-mark-start (previous, next)
|   0|0x0000000080000000, 0x0000000080100000, 0x0000000080100000|100%| O|  |TAMS 0x0000000080100000, 0x0000000080000000| Untracked 
|   1|0x0000000080100000, 0x0000000080200000, 0x0000000080200000|100%| O|  |TAMS 0x0000000080200000, 0x0000000080100000| Untracked 
|   2|0x0000000080200000, 0x0000000080300000, 0x0000000080300000|100%| O|  |TAMS 0x0000000080300000, 0x0000000080200000| Untracked 
|   3|0x0000000080300000, 0x0000000080400000, 0x0000000080400000|100%|HS|  |TAMS 0x0000000080400000, 0x0000000080300000| Complete 
|   4|0x0000000080400000, 0x0000000080500000, 0x0000000080500000|100%|HC|  |TAMS 0x0000000080500000, 0x0000000080400000| Complete 
|   5|0x0000000080500000, 0x0000000080600000, 0x0000000080600000|100%|HC|  |TAMS 0x0000000080600000, 0x0000000080500000| Complete 
|   6|0x0000000080600000, 0x0000000080700000, 0x0000000080700000|100%| O|  |TAMS 0x0000000080700000, 0x0000000080600000| Untracked 
|   7|0x0000000080700000, 0x0000000080800000, 0x0000000080800000|100%| O|  |TAMS 0x0000000080800000, 0x0000000080700000| Untracked 
|   8|0x0000000080800000, 0x0000000080900000, 0x0000000080900000|100%| O|  |TAMS 0x0000000080900000, 0x0000000080800000| Untracked 
|   9|0x0000000080900000, 0x0000000080a00000, 0x0000000080a00000|100%| O|  |TAMS 0x0000000080a00000, 0x0000000080900000| Untracked 
|  10|0x0000000080a00000, 0x0000000080b00000, 0x0000000080b00000|100%| O|  |TAMS 0x0000000080b00000, 0x0000000080a00000| Untracked 
|  11|0x0000000080b00000, 0x0000000080c00000, 0x0000000080c00000|100%| O|  |TAMS 0x0000000080c00000, 0x0000000080b00000| Untracked 
|  12|0x0000000080c00000, 0x0000000080d00000, 0x0000000080d00000|100%| O|  |TAMS 0x0000000080d00000, 0x0000000080c00000| Untracked 
|  13|0x0000000080d00000, 0x0000000080e00000, 0x0000000080e00000|100%| O|  |TAMS 0x0000000080e00000, 0x0000000080d00000| Untracked 
|  14|0x0000000080e00000, 0x0000000080f00000, 0x0000000080f00000|100%| O|  |TAMS 0x0000000080f00000, 0x0000000080e00000| Untracked 
|  15|0x0000000080f00000, 0x0000000081000000, 0x0000000081000000|100%| O|  |TAMS 0x0000000081000000, 0x0000000080f00000| Untracked 
|  16|0x0000000081000000, 0x0000000081100000, 0x0000000081100000|100%| O|  |TAMS 0x0000000081100000, 0x0000000081000000| Untracked 
|  17|0x0000000081100000, 0x0000000081200000, 0x0000000081200000|100%| O|  |TAMS 0x0000000081200000, 0x0000000081100000| Untracked 
|  18|0x0000000081200000, 0x0000000081300000, 0x0000000081300000|100%|HS|  |TAMS 0x0000000081300000, 0x0000000081200000| Complete 
|  19|0x0000000081300000, 0x0000000081400000, 0x0000000081400000|100%|HS|  |TAMS 0x0000000081400000, 0x0000000081300000| Complete 
|  20|0x0000000081400000, 0x0000000081500000, 0x0000000081500000|100%| O|  |TAMS 0x0000000081500000, 0x0000000081400000| Untracked 
|  21|0x0000000081500000, 0x0000000081600000, 0x0000000081600000|100%| O|  |TAMS 0x0000000081600000, 0x0000000081500000| Untracked 
|  22|0x0000000081600000, 0x0000000081700000, 0x0000000081700000|100%| O|  |TAMS 0x0000000081700000, 0x0000000081600000| Untracked 
|  23|0x0000000081700000, 0x0000000081800000, 0x0000000081800000|100%| O|  |TAMS 0x0000000081800000, 0x0000000081700000| Untracked 
|  24|0x0000000081800000, 0x0000000081900000, 0x0000000081900000|100%| O|  |TAMS 0x0000000081900000, 0x0000000081800000| Untracked 
|  25|0x0000000081900000, 0x0000000081a00000, 0x0000000081a00000|100%| O|  |TAMS 0x0000000081a00000, 0x0000000081900000| Untracked 
|  26|0x0000000081a00000, 0x0000000081b00000, 0x0000000081b00000|100%| O|  |TAMS 0x0000000081b00000, 0x0000000081a00000| Untracked 
|  27|0x0000000081b00000, 0x0000000081c00000, 0x0000000081c00000|100%| O|  |TAMS 0x0000000081c00000, 0x0000000081b00000| Untracked 
|  28|0x0000000081c00000, 0x0000000081d00000, 0x0000000081d00000|100%| O|  |TAMS 0x0000000081d00000, 0x0000000081c00000| Untracked 
|  29|0x0000000081d00000, 0x0000000081e00000, 0x0000000081e00000|100%| O|  |TAMS 0x0000000081e00000, 0x0000000081d00000| Untracked 
|  30|0x0000000081e00000, 0x0000000081f00000, 0x0000000081f00000|100%| O|  |TAMS 0x0000000081f00000, 0x0000000081e00000| Untracked 
|  31|0x0000000081f00000, 0x0000000082000000, 0x0000000082000000|100%| O|  |TAMS 0x0000000082000000, 0x0000000081f00000| Untracked 
|  32|0x0000000082000000, 0x0000000082100000, 0x0000000082100000|100%| O|  |TAMS 0x0000000082100000, 0x0000000082000000| Untracked 
|  33|0x0000000082100000, 0x0000000082200000, 0x0000000082200000|100%| O|  |TAMS 0x0000000082200000, 0x0000000082100000| Untracked 
|  34|0x0000000082200000, 0x0000000082300000, 0x0000000082300000|100%| O|  |TAMS 0x0000000082300000, 0x0000000082200000| Untracked 
|  35|0x0000000082300000, 0x0000000082400000, 0x0000000082400000|100%| O|  |TAMS 0x0000000082400000, 0x0000000082300000| Untracked 
|  36|0x0000000082400000, 0x0000000082500000, 0x0000000082500000|100%| O|  |TAMS 0x0000000082500000, 0x0000000082400000| Untracked 
|  37|0x0000000082500000, 0x0000000082600000, 0x0000000082600000|100%| O|  |TAMS 0x0000000082600000, 0x0000000082500000| Untracked 
|  38|0x0000000082600000, 0x0000000082700000, 0x0000000082700000|100%| O|  |TAMS 0x0000000082700000, 0x0000000082600000| Untracked 
|  39|0x0000000082700000, 0x0000000082800000, 0x0000000082800000|100%| O|  |TAMS 0x0000000082800000, 0x0000000082700000| Untracked 
|  40|0x0000000082800000, 0x0000000082900000, 0x0000000082900000|100%| O|  |TAMS 0x0000000082900000, 0x0000000082800000| Untracked 
|  41|0x0000000082900000, 0x0000000082a00000, 0x0000000082a00000|100%| O|  |TAMS 0x0000000082a00000, 0x0000000082900000| Untracked 
|  42|0x0000000082a00000, 0x0000000082b00000, 0x0000000082b00000|100%| O|  |TAMS 0x0000000082b00000, 0x0000000082a00000| Untracked 
|  43|0x0000000082b00000, 0x0000000082c00000, 0x0000000082c00000|100%| O|  |TAMS 0x0000000082c00000, 0x0000000082b00000| Untracked 
|  44|0x0000000082c00000, 0x0000000082d00000, 0x0000000082d00000|100%| O|  |TAMS 0x0000000082d00000, 0x0000000082c00000| Untracked 
|  45|0x0000000082d00000, 0x0000000082e00000, 0x0000000082e00000|100%| O|  |TAMS 0x0000000082e00000, 0x0000000082d00000| Untracked 
|  46|0x0000000082e00000, 0x0000000082f00000, 0x0000000082f00000|100%| O|  |TAMS 0x0000000082f00000, 0x0000000082e00000| Untracked 
|  47|0x0000000082f00000, 0x0000000083000000, 0x0000000083000000|100%| O|  |TAMS 0x0000000083000000, 0x0000000082f00000| Untracked 
|  48|0x0000000083000000, 0x0000000083100000, 0x0000000083100000|100%| O|  |TAMS 0x0000000083100000, 0x0000000083000000| Untracked 
|  49|0x0000000083100000, 0x0000000083200000, 0x0000000083200000|100%| O|  |TAMS 0x0000000083200000, 0x0000000083100000| Untracked 
|  50|0x0000000083200000, 0x0000000083300000, 0x0000000083300000|100%| O|  |TAMS 0x0000000083300000, 0x0000000083200000| Untracked 
|  51|0x0000000083300000, 0x0000000083400000, 0x0000000083400000|100%| O|  |TAMS 0x0000000083400000, 0x0000000083300000| Untracked 
|  52|0x0000000083400000, 0x0000000083500000, 0x0000000083500000|100%| O|  |TAMS 0x0000000083500000, 0x0000000083400000| Untracked 
|  53|0x0000000083500000, 0x0000000083600000, 0x0000000083600000|100%| O|  |TAMS 0x0000000083600000, 0x0000000083500000| Untracked 
|  54|0x0000000083600000, 0x0000000083700000, 0x0000000083700000|100%| O|  |TAMS 0x0000000083700000, 0x0000000083600000| Untracked 
|  55|0x0000000083700000, 0x0000000083800000, 0x0000000083800000|100%| O|  |TAMS 0x0000000083800000, 0x0000000083700000| Untracked 
|  56|0x0000000083800000, 0x0000000083900000, 0x0000000083900000|100%| O|  |TAMS 0x0000000083900000, 0x0000000083800000| Untracked 
|  57|0x0000000083900000, 0x0000000083a00000, 0x0000000083a00000|100%| O|  |TAMS 0x0000000083a00000, 0x0000000083900000| Untracked 
|  58|0x0000000083a00000, 0x0000000083b00000, 0x0000000083b00000|100%| O|  |TAMS 0x0000000083b00000, 0x0000000083a00000| Untracked 
|  59|0x0000000083b00000, 0x0000000083c00000, 0x0000000083c00000|100%| O|  |TAMS 0x0000000083c00000, 0x0000000083b00000| Untracked 
|  60|0x0000000083c00000, 0x0000000083d00000, 0x0000000083d00000|100%| O|  |TAMS 0x0000000083d00000, 0x0000000083c00000| Untracked 
|  61|0x0000000083d00000, 0x0000000083e00000, 0x0000000083e00000|100%| O|  |TAMS 0x0000000083e00000, 0x0000000083d00000| Untracked 
|  62|0x0000000083e00000, 0x0000000083f00000, 0x0000000083f00000|100%| O|  |TAMS 0x0000000083f00000, 0x0000000083e00000| Untracked 
|  63|0x0000000083f00000, 0x0000000084000000, 0x0000000084000000|100%| O|  |TAMS 0x0000000084000000, 0x0000000083f00000| Untracked 
|  64|0x0000000084000000, 0x0000000084100000, 0x0000000084100000|100%| O|  |TAMS 0x0000000084100000, 0x0000000084000000| Untracked 
|  65|0x0000000084100000, 0x0000000084200000, 0x0000000084200000|100%| O|  |TAMS 0x0000000084200000, 0x0000000084100000| Untracked 
|  66|0x0000000084200000, 0x0000000084300000, 0x0000000084300000|100%| O|  |TAMS 0x0000000084300000, 0x0000000084200000| Untracked 
|  67|0x0000000084300000, 0x0000000084300000, 0x0000000084400000|  0%| F|  |TAMS 0x0000000084300000, 0x0000000084300000| Untracked 
|  68|0x0000000084400000, 0x0000000084400000, 0x0000000084500000|  0%| F|  |TAMS 0x0000000084400000, 0x0000000084400000| Untracked 
|  69|0x0000000084500000, 0x0000000084600000, 0x0000000084600000|100%| O|  |TAMS 0x0000000084600000, 0x0000000084500000| Untracked 
|  70|0x0000000084600000, 0x0000000084700000, 0x0000000084700000|100%| O|  |TAMS 0x0000000084700000, 0x0000000084600000| Untracked 
|  71|0x0000000084700000, 0x0000000084800000, 0x0000000084800000|100%| O|  |TAMS 0x0000000084800000, 0x0000000084700000| Untracked 
|  72|0x0000000084800000, 0x0000000084900000, 0x0000000084900000|100%| O|  |TAMS 0x0000000084900000, 0x0000000084800000| Untracked 
|  73|0x0000000084900000, 0x0000000084a00000, 0x0000000084a00000|100%| O|  |TAMS 0x0000000084a00000, 0x0000000084900000| Untracked 
|  74|0x0000000084a00000, 0x0000000084b00000, 0x0000000084b00000|100%| O|  |TAMS 0x0000000084b00000, 0x0000000084a00000| Untracked 
|  75|0x0000000084b00000, 0x0000000084c00000, 0x0000000084c00000|100%| O|  |TAMS 0x0000000084c00000, 0x0000000084b00000| Untracked 
|  76|0x0000000084c00000, 0x0000000084d00000, 0x0000000084d00000|100%| O|  |TAMS 0x0000000084d00000, 0x0000000084c00000| Untracked 
|  77|0x0000000084d00000, 0x0000000084e00000, 0x0000000084e00000|100%| O|  |TAMS 0x0000000084e00000, 0x0000000084d00000| Untracked 
|  78|0x0000000084e00000, 0x0000000084f00000, 0x0000000084f00000|100%| O|  |TAMS 0x0000000084f00000, 0x0000000084e00000| Untracked 
|  79|0x0000000084f00000, 0x0000000085000000, 0x0000000085000000|100%| O|  |TAMS 0x0000000085000000, 0x0000000084f00000| Untracked 
|  80|0x0000000085000000, 0x0000000085100000, 0x0000000085100000|100%| O|  |TAMS 0x0000000085100000, 0x0000000085000000| Untracked 
|  81|0x0000000085100000, 0x0000000085200000, 0x0000000085200000|100%| O|  |TAMS 0x0000000085200000, 0x0000000085100000| Untracked 
|  82|0x0000000085200000, 0x0000000085300000, 0x0000000085300000|100%| O|  |TAMS 0x0000000085300000, 0x0000000085200000| Untracked 
|  83|0x0000000085300000, 0x0000000085400000, 0x0000000085400000|100%| O|  |TAMS 0x0000000085400000, 0x0000000085300000| Untracked 
|  84|0x0000000085400000, 0x0000000085500000, 0x0000000085500000|100%| O|  |TAMS 0x0000000085500000, 0x0000000085400000| Untracked 
|  85|0x0000000085500000, 0x0000000085600000, 0x0000000085600000|100%| O|  |TAMS 0x0000000085600000, 0x0000000085500000| Untracked 
|  86|0x0000000085600000, 0x0000000085700000, 0x0000000085700000|100%| O|  |TAMS 0x0000000085700000, 0x0000000085600000| Untracked 
|  87|0x0000000085700000, 0x0000000085800000, 0x0000000085800000|100%|HS|  |TAMS 0x0000000085700000, 0x0000000085700000| Complete 
|  88|0x0000000085800000, 0x0000000085900000, 0x0000000085900000|100%|HC|  |TAMS 0x0000000085800000, 0x0000000085800000| Complete 
|  89|0x0000000085900000, 0x0000000085a00000, 0x0000000085a00000|100%|HS|  |TAMS 0x0000000085900000, 0x0000000085900000| Complete 
|  90|0x0000000085a00000, 0x0000000085b00000, 0x0000000085b00000|100%|HC|  |TAMS 0x0000000085a00000, 0x0000000085a00000| Complete 
|  91|0x0000000085b00000, 0x0000000085c00000, 0x0000000085c00000|100%| O|  |TAMS 0x0000000085c00000, 0x0000000085b00000| Untracked 
|  92|0x0000000085c00000, 0x0000000085d00000, 0x0000000085d00000|100%| O|  |TAMS 0x0000000085d00000, 0x0000000085c00000| Untracked 
|  93|0x0000000085d00000, 0x0000000085e00000, 0x0000000085e00000|100%| O|  |TAMS 0x0000000085e00000, 0x0000000085d00000| Untracked 
|  94|0x0000000085e00000, 0x0000000085f00000, 0x0000000085f00000|100%| O|  |TAMS 0x0000000085f00000, 0x0000000085e00000| Untracked 
|  95|0x0000000085f00000, 0x0000000086000000, 0x0000000086000000|100%| O|  |TAMS 0x0000000086000000, 0x0000000085f00000| Untracked 
|  96|0x0000000086000000, 0x0000000086100000, 0x0000000086100000|100%|HS|  |TAMS 0x0000000086000000, 0x0000000086000000| Complete 
|  97|0x0000000086100000, 0x0000000086200000, 0x0000000086200000|100%|HS|  |TAMS 0x0000000086200000, 0x0000000086100000| Complete 
|  98|0x0000000086200000, 0x0000000086300000, 0x0000000086300000|100%|HC|  |TAMS 0x0000000086300000, 0x0000000086200000| Complete 
|  99|0x0000000086300000, 0x0000000086400000, 0x0000000086400000|100%|HS|  |TAMS 0x0000000086400000, 0x0000000086300000| Complete 
| 100|0x0000000086400000, 0x0000000086500000, 0x0000000086500000|100%|HC|  |TAMS 0x0000000086500000, 0x0000000086400000| Complete 
| 101|0x0000000086500000, 0x0000000086600000, 0x0000000086600000|100%|HS|  |TAMS 0x0000000086600000, 0x0000000086500000| Complete 
| 102|0x0000000086600000, 0x0000000086700000, 0x0000000086700000|100%|HC|  |TAMS 0x0000000086700000, 0x0000000086600000| Complete 
| 103|0x0000000086700000, 0x0000000086800000, 0x0000000086800000|100%|HS|  |TAMS 0x0000000086800000, 0x0000000086700000| Complete 
| 104|0x0000000086800000, 0x0000000086900000, 0x0000000086900000|100%|HC|  |TAMS 0x0000000086900000, 0x0000000086800000| Complete 
| 105|0x0000000086900000, 0x0000000086a00000, 0x0000000086a00000|100%|HS|  |TAMS 0x0000000086a00000, 0x0000000086900000| Complete 
| 106|0x0000000086a00000, 0x0000000086b00000, 0x0000000086b00000|100%|HC|  |TAMS 0x0000000086b00000, 0x0000000086a00000| Complete 
| 107|0x0000000086b00000, 0x0000000086c00000, 0x0000000086c00000|100%|HS|  |TAMS 0x0000000086c00000, 0x0000000086b00000| Complete 
| 108|0x0000000086c00000, 0x0000000086d00000, 0x0000000086d00000|100%|HC|  |TAMS 0x0000000086d00000, 0x0000000086c00000| Complete 
| 109|0x0000000086d00000, 0x0000000086e00000, 0x0000000086e00000|100%|HS|  |TAMS 0x0000000086e00000, 0x0000000086d00000| Complete 
| 110|0x0000000086e00000, 0x0000000086f00000, 0x0000000086f00000|100%|HC|  |TAMS 0x0000000086f00000, 0x0000000086e00000| Complete 
| 111|0x0000000086f00000, 0x0000000087000000, 0x0000000087000000|100%| O|  |TAMS 0x0000000087000000, 0x0000000086f00000| Untracked 
| 112|0x0000000087000000, 0x0000000087100000, 0x0000000087100000|100%| O|  |TAMS 0x0000000087100000, 0x0000000087000000| Untracked 
| 113|0x0000000087100000, 0x0000000087200000, 0x0000000087200000|100%| O|  |TAMS 0x0000000087200000, 0x0000000087100000| Untracked 
| 114|0x0000000087200000, 0x0000000087300000, 0x0000000087300000|100%| O|  |TAMS 0x0000000087300000, 0x0000000087200000| Untracked 
| 115|0x0000000087300000, 0x0000000087400000, 0x0000000087400000|100%| O|  |TAMS 0x0000000087400000, 0x0000000087300000| Untracked 
| 116|0x0000000087400000, 0x0000000087500000, 0x0000000087500000|100%| O|  |TAMS 0x0000000087500000, 0x0000000087400000| Untracked 
| 117|0x0000000087500000, 0x0000000087600000, 0x0000000087600000|100%| O|  |TAMS 0x0000000087600000, 0x0000000087500000| Untracked 
| 118|0x0000000087600000, 0x0000000087700000, 0x0000000087700000|100%| O|  |TAMS 0x0000000087700000, 0x0000000087600000| Untracked 
| 119|0x0000000087700000, 0x0000000087800000, 0x0000000087800000|100%|HS|  |TAMS 0x0000000087700000, 0x0000000087700000| Complete 
| 120|0x0000000087800000, 0x0000000087900000, 0x0000000087900000|100%|HC|  |TAMS 0x0000000087800000, 0x0000000087800000| Complete 
| 121|0x0000000087900000, 0x0000000087a00000, 0x0000000087a00000|100%| O|  |TAMS 0x0000000087a00000, 0x0000000087900000| Untracked 
| 122|0x0000000087a00000, 0x0000000087b00000, 0x0000000087b00000|100%| O|  |TAMS 0x0000000087b00000, 0x0000000087a00000| Untracked 
| 123|0x0000000087b00000, 0x0000000087c00000, 0x0000000087c00000|100%| O|  |TAMS 0x0000000087c00000, 0x0000000087b00000| Untracked 
| 124|0x0000000087c00000, 0x0000000087c4c000, 0x0000000087d00000| 29%| O|  |TAMS 0x0000000087c4c000, 0x0000000087c00000| Untracked 
| 125|0x0000000087d00000, 0x0000000087e00000, 0x0000000087e00000|100%|HS|  |TAMS 0x0000000087d00000, 0x0000000087d00000| Complete 
| 126|0x0000000087e00000, 0x0000000087f00000, 0x0000000087f00000|100%|HC|  |TAMS 0x0000000087e00000, 0x0000000087e00000| Complete 
| 127|0x0000000087f00000, 0x0000000087f00000, 0x0000000088000000|  0%| F|  |TAMS 0x0000000087f00000, 0x0000000087f00000| Untracked 
| 128|0x0000000088000000, 0x0000000088000000, 0x0000000088100000|  0%| F|  |TAMS 0x0000000088000000, 0x0000000088000000| Untracked 
| 129|0x0000000088100000, 0x0000000088100000, 0x0000000088200000|  0%| F|  |TAMS 0x0000000088100000, 0x0000000088100000| Untracked 
| 130|0x0000000088200000, 0x0000000088200000, 0x0000000088300000|  0%| F|  |TAMS 0x0000000088200000, 0x0000000088200000| Untracked 
| 131|0x0000000088300000, 0x0000000088300000, 0x0000000088400000|  0%| F|  |TAMS 0x0000000088300000, 0x0000000088300000| Untracked 
| 132|0x0000000088400000, 0x0000000088400000, 0x0000000088500000|  0%| F|  |TAMS 0x0000000088400000, 0x0000000088400000| Untracked 
| 133|0x0000000088500000, 0x0000000088500000, 0x0000000088600000|  0%| F|  |TAMS 0x0000000088500000, 0x0000000088500000| Untracked 
| 134|0x0000000088600000, 0x0000000088600000, 0x0000000088700000|  0%| F|  |TAMS 0x0000000088600000, 0x0000000088600000| Untracked 
| 135|0x0000000088700000, 0x0000000088700000, 0x0000000088800000|  0%| F|  |TAMS 0x0000000088700000, 0x0000000088700000| Untracked 
| 136|0x0000000088800000, 0x0000000088800000, 0x0000000088900000|  0%| F|  |TAMS 0x0000000088800000, 0x0000000088800000| Untracked 
| 137|0x0000000088900000, 0x0000000088900000, 0x0000000088a00000|  0%| F|  |TAMS 0x0000000088900000, 0x0000000088900000| Untracked 
| 138|0x0000000088a00000, 0x0000000088a00000, 0x0000000088b00000|  0%| F|  |TAMS 0x0000000088a00000, 0x0000000088a00000| Untracked 
| 139|0x0000000088b00000, 0x0000000088b00000, 0x0000000088c00000|  0%| F|  |TAMS 0x0000000088b00000, 0x0000000088b00000| Untracked 
| 140|0x0000000088c00000, 0x0000000088c00000, 0x0000000088d00000|  0%| F|  |TAMS 0x0000000088c00000, 0x0000000088c00000| Untracked 
| 141|0x0000000088d00000, 0x0000000088d00000, 0x0000000088e00000|  0%| F|  |TAMS 0x0000000088d00000, 0x0000000088d00000| Untracked 
| 142|0x0000000088e00000, 0x0000000088e00000, 0x0000000088f00000|  0%| F|  |TAMS 0x0000000088e00000, 0x0000000088e00000| Untracked 
| 143|0x0000000088f00000, 0x0000000088f00000, 0x0000000089000000|  0%| F|  |TAMS 0x0000000088f00000, 0x0000000088f00000| Untracked 
| 144|0x0000000089000000, 0x0000000089000000, 0x0000000089100000|  0%| F|  |TAMS 0x0000000089000000, 0x0000000089000000| Untracked 
| 145|0x0000000089100000, 0x0000000089100000, 0x0000000089200000|  0%| F|  |TAMS 0x0000000089100000, 0x0000000089100000| Untracked 
| 146|0x0000000089200000, 0x0000000089200000, 0x0000000089300000|  0%| F|  |TAMS 0x0000000089200000, 0x0000000089200000| Untracked 
| 147|0x0000000089300000, 0x0000000089300000, 0x0000000089400000|  0%| F|  |TAMS 0x0000000089300000, 0x0000000089300000| Untracked 
| 148|0x0000000089400000, 0x0000000089400000, 0x0000000089500000|  0%| F|  |TAMS 0x0000000089400000, 0x0000000089400000| Untracked 
| 149|0x0000000089500000, 0x0000000089500000, 0x0000000089600000|  0%| F|  |TAMS 0x0000000089500000, 0x0000000089500000| Untracked 
| 150|0x0000000089600000, 0x0000000089600000, 0x0000000089700000|  0%| F|  |TAMS 0x0000000089600000, 0x0000000089600000| Untracked 
| 151|0x0000000089700000, 0x0000000089700000, 0x0000000089800000|  0%| F|  |TAMS 0x0000000089700000, 0x0000000089700000| Untracked 
| 152|0x0000000089800000, 0x0000000089800000, 0x0000000089900000|  0%| F|  |TAMS 0x0000000089800000, 0x0000000089800000| Untracked 
| 153|0x0000000089900000, 0x0000000089900000, 0x0000000089a00000|  0%| F|  |TAMS 0x0000000089900000, 0x0000000089900000| Untracked 
| 154|0x0000000089a00000, 0x0000000089a00000, 0x0000000089b00000|  0%| F|  |TAMS 0x0000000089a00000, 0x0000000089a00000| Untracked 
| 155|0x0000000089b00000, 0x0000000089b00000, 0x0000000089c00000|  0%| F|  |TAMS 0x0000000089b00000, 0x0000000089b00000| Untracked 
| 156|0x0000000089c00000, 0x0000000089c00000, 0x0000000089d00000|  0%| F|  |TAMS 0x0000000089c00000, 0x0000000089c00000| Untracked 
| 157|0x0000000089d00000, 0x0000000089d00000, 0x0000000089e00000|  0%| F|  |TAMS 0x0000000089d00000, 0x0000000089d00000| Untracked 
| 158|0x0000000089e00000, 0x0000000089e00000, 0x0000000089f00000|  0%| F|  |TAMS 0x0000000089e00000, 0x0000000089e00000| Untracked 
| 159|0x0000000089f00000, 0x0000000089fa8580, 0x000000008a000000| 65%| S|CS|TAMS 0x0000000089f00000, 0x0000000089f00000| Complete 
| 160|0x000000008a000000, 0x000000008a100000, 0x000000008a100000|100%| S|CS|TAMS 0x000000008a000000, 0x000000008a000000| Complete 
| 161|0x000000008a100000, 0x000000008a200000, 0x000000008a200000|100%| S|CS|TAMS 0x000000008a100000, 0x000000008a100000| Complete 
| 162|0x000000008a200000, 0x000000008a300000, 0x000000008a300000|100%| S|CS|TAMS 0x000000008a200000, 0x000000008a200000| Complete 
| 163|0x000000008a300000, 0x000000008a400000, 0x000000008a400000|100%| S|CS|TAMS 0x000000008a300000, 0x000000008a300000| Complete 
| 164|0x000000008a400000, 0x000000008a500000, 0x000000008a500000|100%| S|CS|TAMS 0x000000008a400000, 0x000000008a400000| Complete 
| 165|0x000000008a500000, 0x000000008a500000, 0x000000008a600000|  0%| F|  |TAMS 0x000000008a500000, 0x000000008a500000| Untracked 
| 166|0x000000008a600000, 0x000000008a600000, 0x000000008a700000|  0%| F|  |TAMS 0x000000008a600000, 0x000000008a600000| Untracked 
| 167|0x000000008a700000, 0x000000008a700000, 0x000000008a800000|  0%| F|  |TAMS 0x000000008a700000, 0x000000008a700000| Untracked 
| 168|0x000000008a800000, 0x000000008a800000, 0x000000008a900000|  0%| F|  |TAMS 0x000000008a800000, 0x000000008a800000| Untracked 
| 169|0x000000008a900000, 0x000000008a900000, 0x000000008aa00000|  0%| F|  |TAMS 0x000000008a900000, 0x000000008a900000| Untracked 
| 170|0x000000008aa00000, 0x000000008aa00000, 0x000000008ab00000|  0%| F|  |TAMS 0x000000008aa00000, 0x000000008aa00000| Untracked 
| 171|0x000000008ab00000, 0x000000008ab00000, 0x000000008ac00000|  0%| F|  |TAMS 0x000000008ab00000, 0x000000008ab00000| Untracked 
| 172|0x000000008ac00000, 0x000000008ac00000, 0x000000008ad00000|  0%| F|  |TAMS 0x000000008ac00000, 0x000000008ac00000| Untracked 
| 173|0x000000008ad00000, 0x000000008ad00000, 0x000000008ae00000|  0%| F|  |TAMS 0x000000008ad00000, 0x000000008ad00000| Untracked 
| 174|0x000000008ae00000, 0x000000008ae00000, 0x000000008af00000|  0%| F|  |TAMS 0x000000008ae00000, 0x000000008ae00000| Untracked 
| 175|0x000000008af00000, 0x000000008af00000, 0x000000008b000000|  0%| F|  |TAMS 0x000000008af00000, 0x000000008af00000| Untracked 
| 176|0x000000008b000000, 0x000000008b000000, 0x000000008b100000|  0%| F|  |TAMS 0x000000008b000000, 0x000000008b000000| Untracked 
| 177|0x000000008b100000, 0x000000008b100000, 0x000000008b200000|  0%| F|  |TAMS 0x000000008b100000, 0x000000008b100000| Untracked 
| 178|0x000000008b200000, 0x000000008b200000, 0x000000008b300000|  0%| F|  |TAMS 0x000000008b200000, 0x000000008b200000| Untracked 
| 179|0x000000008b300000, 0x000000008b300000, 0x000000008b400000|  0%| F|  |TAMS 0x000000008b300000, 0x000000008b300000| Untracked 
| 180|0x000000008b400000, 0x000000008b400000, 0x000000008b500000|  0%| F|  |TAMS 0x000000008b400000, 0x000000008b400000| Untracked 
| 181|0x000000008b500000, 0x000000008b500000, 0x000000008b600000|  0%| F|  |TAMS 0x000000008b500000, 0x000000008b500000| Untracked 
| 182|0x000000008b600000, 0x000000008b600000, 0x000000008b700000|  0%| F|  |TAMS 0x000000008b600000, 0x000000008b600000| Untracked 
| 183|0x000000008b700000, 0x000000008b700000, 0x000000008b800000|  0%| F|  |TAMS 0x000000008b700000, 0x000000008b700000| Untracked 
| 184|0x000000008b800000, 0x000000008b800000, 0x000000008b900000|  0%| F|  |TAMS 0x000000008b800000, 0x000000008b800000| Untracked 
| 185|0x000000008b900000, 0x000000008b900000, 0x000000008ba00000|  0%| F|  |TAMS 0x000000008b900000, 0x000000008b900000| Untracked 
| 186|0x000000008ba00000, 0x000000008ba00000, 0x000000008bb00000|  0%| F|  |TAMS 0x000000008ba00000, 0x000000008ba00000| Untracked 
| 187|0x000000008bb00000, 0x000000008bb00000, 0x000000008bc00000|  0%| F|  |TAMS 0x000000008bb00000, 0x000000008bb00000| Untracked 
| 188|0x000000008bc00000, 0x000000008bc00000, 0x000000008bd00000|  0%| F|  |TAMS 0x000000008bc00000, 0x000000008bc00000| Untracked 
| 189|0x000000008bd00000, 0x000000008bd00000, 0x000000008be00000|  0%| F|  |TAMS 0x000000008bd00000, 0x000000008bd00000| Untracked 
| 190|0x000000008be00000, 0x000000008be00000, 0x000000008bf00000|  0%| F|  |TAMS 0x000000008be00000, 0x000000008be00000| Untracked 
| 191|0x000000008bf00000, 0x000000008bf00000, 0x000000008c000000|  0%| F|  |TAMS 0x000000008bf00000, 0x000000008bf00000| Untracked 
| 192|0x000000008c000000, 0x000000008c000000, 0x000000008c100000|  0%| F|  |TAMS 0x000000008c000000, 0x000000008c000000| Untracked 
| 193|0x000000008c100000, 0x000000008c100000, 0x000000008c200000|  0%| F|  |TAMS 0x000000008c100000, 0x000000008c100000| Untracked 
| 194|0x000000008c200000, 0x000000008c200000, 0x000000008c300000|  0%| F|  |TAMS 0x000000008c200000, 0x000000008c200000| Untracked 
| 195|0x000000008c300000, 0x000000008c300000, 0x000000008c400000|  0%| F|  |TAMS 0x000000008c300000, 0x000000008c300000| Untracked 
| 196|0x000000008c400000, 0x000000008c400000, 0x000000008c500000|  0%| F|  |TAMS 0x000000008c400000, 0x000000008c400000| Untracked 
| 197|0x000000008c500000, 0x000000008c500000, 0x000000008c600000|  0%| F|  |TAMS 0x000000008c500000, 0x000000008c500000| Untracked 
| 198|0x000000008c600000, 0x000000008c600000, 0x000000008c700000|  0%| F|  |TAMS 0x000000008c600000, 0x000000008c600000| Untracked 
| 199|0x000000008c700000, 0x000000008c700000, 0x000000008c800000|  0%| F|  |TAMS 0x000000008c700000, 0x000000008c700000| Untracked 
| 200|0x000000008c800000, 0x000000008c800000, 0x000000008c900000|  0%| F|  |TAMS 0x000000008c800000, 0x000000008c800000| Untracked 
| 201|0x000000008c900000, 0x000000008c900000, 0x000000008ca00000|  0%| F|  |TAMS 0x000000008c900000, 0x000000008c900000| Untracked 
| 202|0x000000008ca00000, 0x000000008ca00000, 0x000000008cb00000|  0%| F|  |TAMS 0x000000008ca00000, 0x000000008ca00000| Untracked 
| 203|0x000000008cb00000, 0x000000008cb00000, 0x000000008cc00000|  0%| F|  |TAMS 0x000000008cb00000, 0x000000008cb00000| Untracked 
| 204|0x000000008cc00000, 0x000000008cc00000, 0x000000008cd00000|  0%| F|  |TAMS 0x000000008cc00000, 0x000000008cc00000| Untracked 
| 205|0x000000008cd00000, 0x000000008cd00000, 0x000000008ce00000|  0%| F|  |TAMS 0x000000008cd00000, 0x000000008cd00000| Untracked 
| 206|0x000000008ce00000, 0x000000008ce00000, 0x000000008cf00000|  0%| F|  |TAMS 0x000000008ce00000, 0x000000008ce00000| Untracked 
| 207|0x000000008cf00000, 0x000000008cf00000, 0x000000008d000000|  0%| F|  |TAMS 0x000000008cf00000, 0x000000008cf00000| Untracked 
| 208|0x000000008d000000, 0x000000008d000000, 0x000000008d100000|  0%| F|  |TAMS 0x000000008d000000, 0x000000008d000000| Untracked 
| 209|0x000000008d100000, 0x000000008d100000, 0x000000008d200000|  0%| F|  |TAMS 0x000000008d100000, 0x000000008d100000| Untracked 
| 210|0x000000008d200000, 0x000000008d200000, 0x000000008d300000|  0%| F|  |TAMS 0x000000008d200000, 0x000000008d200000| Untracked 
| 211|0x000000008d300000, 0x000000008d300000, 0x000000008d400000|  0%| F|  |TAMS 0x000000008d300000, 0x000000008d300000| Untracked 
| 212|0x000000008d400000, 0x000000008d400000, 0x000000008d500000|  0%| F|  |TAMS 0x000000008d400000, 0x000000008d400000| Untracked 
| 213|0x000000008d500000, 0x000000008d500000, 0x000000008d600000|  0%| F|  |TAMS 0x000000008d500000, 0x000000008d500000| Untracked 
| 214|0x000000008d600000, 0x000000008d600000, 0x000000008d700000|  0%| F|  |TAMS 0x000000008d600000, 0x000000008d600000| Untracked 
| 215|0x000000008d700000, 0x000000008d700000, 0x000000008d800000|  0%| F|  |TAMS 0x000000008d700000, 0x000000008d700000| Untracked 
| 216|0x000000008d800000, 0x000000008d800000, 0x000000008d900000|  0%| F|  |TAMS 0x000000008d800000, 0x000000008d800000| Untracked 
| 217|0x000000008d900000, 0x000000008d900000, 0x000000008da00000|  0%| F|  |TAMS 0x000000008d900000, 0x000000008d900000| Untracked 
| 218|0x000000008da00000, 0x000000008da00000, 0x000000008db00000|  0%| F|  |TAMS 0x000000008da00000, 0x000000008da00000| Untracked 
| 219|0x000000008db00000, 0x000000008db00000, 0x000000008dc00000|  0%| F|  |TAMS 0x000000008db00000, 0x000000008db00000| Untracked 
| 220|0x000000008dc00000, 0x000000008dc00000, 0x000000008dd00000|  0%| F|  |TAMS 0x000000008dc00000, 0x000000008dc00000| Untracked 
| 221|0x000000008dd00000, 0x000000008dd00000, 0x000000008de00000|  0%| F|  |TAMS 0x000000008dd00000, 0x000000008dd00000| Untracked 
| 222|0x000000008de00000, 0x000000008de00000, 0x000000008df00000|  0%| F|  |TAMS 0x000000008de00000, 0x000000008de00000| Untracked 
| 223|0x000000008df00000, 0x000000008df00000, 0x000000008e000000|  0%| F|  |TAMS 0x000000008df00000, 0x000000008df00000| Untracked 
| 224|0x000000008e000000, 0x000000008e000000, 0x000000008e100000|  0%| F|  |TAMS 0x000000008e000000, 0x000000008e000000| Untracked 
| 225|0x000000008e100000, 0x000000008e100000, 0x000000008e200000|  0%| F|  |TAMS 0x000000008e100000, 0x000000008e100000| Untracked 
| 226|0x000000008e200000, 0x000000008e200000, 0x000000008e300000|  0%| F|  |TAMS 0x000000008e200000, 0x000000008e200000| Untracked 
| 227|0x000000008e300000, 0x000000008e300000, 0x000000008e400000|  0%| F|  |TAMS 0x000000008e300000, 0x000000008e300000| Untracked 
| 228|0x000000008e400000, 0x000000008e400000, 0x000000008e500000|  0%| F|  |TAMS 0x000000008e400000, 0x000000008e400000| Untracked 
| 229|0x000000008e500000, 0x000000008e500000, 0x000000008e600000|  0%| F|  |TAMS 0x000000008e500000, 0x000000008e500000| Untracked 
| 230|0x000000008e600000, 0x000000008e600000, 0x000000008e700000|  0%| F|  |TAMS 0x000000008e600000, 0x000000008e600000| Untracked 
| 231|0x000000008e700000, 0x000000008e700000, 0x000000008e800000|  0%| F|  |TAMS 0x000000008e700000, 0x000000008e700000| Untracked 
| 232|0x000000008e800000, 0x000000008e800000, 0x000000008e900000|  0%| F|  |TAMS 0x000000008e800000, 0x000000008e800000| Untracked 
| 233|0x000000008e900000, 0x000000008e900000, 0x000000008ea00000|  0%| F|  |TAMS 0x000000008e900000, 0x000000008e900000| Untracked 
| 234|0x000000008ea00000, 0x000000008ea00000, 0x000000008eb00000|  0%| F|  |TAMS 0x000000008ea00000, 0x000000008ea00000| Untracked 
| 235|0x000000008eb00000, 0x000000008eb00000, 0x000000008ec00000|  0%| F|  |TAMS 0x000000008eb00000, 0x000000008eb00000| Untracked 
| 236|0x000000008ec00000, 0x000000008ec00000, 0x000000008ed00000|  0%| F|  |TAMS 0x000000008ec00000, 0x000000008ec00000| Untracked 
| 237|0x000000008ed00000, 0x000000008ed00000, 0x000000008ee00000|  0%| F|  |TAMS 0x000000008ed00000, 0x000000008ed00000| Untracked 
| 238|0x000000008ee00000, 0x000000008ee00000, 0x000000008ef00000|  0%| F|  |TAMS 0x000000008ee00000, 0x000000008ee00000| Untracked 
| 239|0x000000008ef00000, 0x000000008ef00000, 0x000000008f000000|  0%| F|  |TAMS 0x000000008ef00000, 0x000000008ef00000| Untracked 
| 240|0x000000008f000000, 0x000000008f000000, 0x000000008f100000|  0%| F|  |TAMS 0x000000008f000000, 0x000000008f000000| Untracked 
| 241|0x000000008f100000, 0x000000008f100000, 0x000000008f200000|  0%| F|  |TAMS 0x000000008f100000, 0x000000008f100000| Complete 
| 242|0x000000008f200000, 0x000000008f300000, 0x000000008f300000|100%| E|CS|TAMS 0x000000008f200000, 0x000000008f200000| Complete 
| 243|0x000000008f300000, 0x000000008f400000, 0x000000008f400000|100%| E|CS|TAMS 0x000000008f300000, 0x000000008f300000| Complete 
| 244|0x000000008f400000, 0x000000008f500000, 0x000000008f500000|100%| E|CS|TAMS 0x000000008f400000, 0x000000008f400000| Complete 
| 245|0x000000008f500000, 0x000000008f600000, 0x000000008f600000|100%| E|CS|TAMS 0x000000008f500000, 0x000000008f500000| Complete 
| 246|0x000000008f600000, 0x000000008f700000, 0x000000008f700000|100%| E|CS|TAMS 0x000000008f600000, 0x000000008f600000| Complete 
| 247|0x000000008f700000, 0x000000008f800000, 0x000000008f800000|100%| E|CS|TAMS 0x000000008f700000, 0x000000008f700000| Complete 
| 248|0x000000008f800000, 0x000000008f900000, 0x000000008f900000|100%| E|CS|TAMS 0x000000008f800000, 0x000000008f800000| Complete 
| 249|0x000000008f900000, 0x000000008fa00000, 0x000000008fa00000|100%| E|CS|TAMS 0x000000008f900000, 0x000000008f900000| Complete 
| 250|0x000000008fa00000, 0x000000008fb00000, 0x000000008fb00000|100%| E|CS|TAMS 0x000000008fa00000, 0x000000008fa00000| Complete 
| 251|0x000000008fb00000, 0x000000008fc00000, 0x000000008fc00000|100%| E|CS|TAMS 0x000000008fb00000, 0x000000008fb00000| Complete 
| 252|0x000000008fc00000, 0x000000008fd00000, 0x000000008fd00000|100%| E|CS|TAMS 0x000000008fc00000, 0x000000008fc00000| Complete 
| 253|0x000000008fd00000, 0x000000008fe00000, 0x000000008fe00000|100%| E|CS|TAMS 0x000000008fd00000, 0x000000008fd00000| Complete 

Card table byte_map: [0x000001d4c07c0000,0x000001d4c0bc0000] _byte_map_base: 0x000001d4c03c0000

Marking Bits (Prev, Next): (CMBitMap*) 0x000001d4ab658628, (CMBitMap*) 0x000001d4ab658660
 Prev Bits: [0x000001d4c0fc0000, 0x000001d4c2fc0000)
 Next Bits: [0x000001d4c2fc0000, 0x000001d4c4fc0000)

Polling page: 0x000001d4ab6f0000

Metaspace:

Usage:
  Non-class:    108.47 MB capacity,   106.12 MB ( 98%) used,     1.88 MB (  2%) free+waste,   480.38 KB ( <1%) overhead. 
      Class:     17.11 MB capacity,    15.60 MB ( 91%) used,     1.30 MB (  8%) free+waste,   216.81 KB (  1%) overhead. 
       Both:    125.58 MB capacity,   121.72 MB ( 97%) used,     3.17 MB (  3%) free+waste,   697.19 KB ( <1%) overhead. 

Virtual space:
  Non-class space:      110.00 MB reserved,     108.75 MB ( 99%) committed 
      Class space:        1.00 GB reserved,      17.25 MB (  2%) committed 
             Both:        1.11 GB reserved,     126.00 MB ( 11%) committed 

Chunk freelists:
   Non-Class:  234.00 KB
       Class:  57.00 KB
        Both:  291.00 KB

MaxMetaspaceSize: 17179869184.00 GB
CompressedClassSpaceSize: 1.00 GB
Initial GC threshold: 20.80 MB
Current GC threshold: 210.00 MB
CDS: off

CodeHeap 'non-profiled nmethods': size=120000Kb used=12978Kb max_used=12978Kb free=107021Kb
 bounds [0x000001d4b8430000, 0x000001d4b90e0000, 0x000001d4bf960000]
CodeHeap 'profiled nmethods': size=120000Kb used=40740Kb max_used=40740Kb free=79259Kb
 bounds [0x000001d4b0f00000, 0x000001d4b36d0000, 0x000001d4b8430000]
CodeHeap 'non-nmethods': size=5760Kb used=2466Kb max_used=2537Kb free=3293Kb
 bounds [0x000001d4b0960000, 0x000001d4b0be0000, 0x000001d4b0f00000]
 total_blobs=19668 nmethods=18668 adapters=911
 compilation: enabled
              stopped_count=0, restarted_count=0
 full_count=0

Compilation events (20 events):
Event: 1234.150 Thread 0x000001d4c8373800 nmethod 19752 0x000001d4b90db190 code [0x000001d4b90db340, 0x000001d4b90db3f8]
Event: 1234.154 Thread 0x000001d4c8373800 19754       3       org.gradle.api.internal.artifacts.DefaultResolverResults::getVisitedArtifacts (9 bytes)
Event: 1234.155 Thread 0x000001d4c8373800 nmethod 19754 0x000001d4b36baa90 code [0x000001d4b36bac60, 0x000001d4b36baf88]
Event: 1234.155 Thread 0x000001d4c8373800 19755       3       org.gradle.api.internal.artifacts.DefaultResolverResults::assertHasVisitResult (22 bytes)
Event: 1234.155 Thread 0x000001d4c8373800 nmethod 19755 0x000001d4b36bb110 code [0x000001d4b36bb2e0, 0x000001d4b36bb5a8]
Event: 1234.156 Thread 0x000001d4c8373800 19756       3       org.gradle.internal.resource.ExternalResourceName::encode (329 bytes)
Event: 1234.158 Thread 0x000001d4c8373800 nmethod 19756 0x000001d4b36bb710 code [0x000001d4b36bba60, 0x000001d4b36bd028]
Event: 1234.158 Thread 0x000001d4c8373800 19757  s    3       org.gradle.internal.component.local.model.DefaultLocalComponentMetadata$DefaultLocalConfigurationMetadata::realizeDependencies (36 bytes)
Event: 1234.158 Thread 0x000001d4c8373800 nmethod 19757 0x000001d4b36bd690 code [0x000001d4b36bd8a0, 0x000001d4b36bde88]
Event: 1234.167 Thread 0x000001d4c8373800 19759       1       org.gradle.internal.resource.transport.ResourceConnectorRepositoryTransport::getResourceAccessor (5 bytes)
Event: 1234.167 Thread 0x000001d4c8373800 nmethod 19759 0x000001d4b90db490 code [0x000001d4b90db640, 0x000001d4b90db6f8]
Event: 1234.167 Thread 0x000001d4c8373800 19760       3       org.gradle.internal.resource.ExternalResourceName::isFileOnHost (30 bytes)
Event: 1234.168 Thread 0x000001d4c8373800 nmethod 19760 0x000001d4b36be090 code [0x000001d4b36be2a0, 0x000001d4b36be708]
Event: 1234.168 Thread 0x000001d4cae88800 19761       4       org.gradle.api.internal.artifacts.repositories.resolver.AbstractResourcePattern::isOptionalToken (153 bytes)
Event: 1234.169 Thread 0x000001d4c8373800 19762       1       org.gradle.internal.component.local.model.DefaultLocalComponentMetadata::getModuleVersionId (5 bytes)
Event: 1234.169 Thread 0x000001d4c8373800 nmethod 19762 0x000001d4b90db790 code [0x000001d4b90db940, 0x000001d4b90db9f8]
Event: 1234.172 Thread 0x000001d4c8373800 19763       3       org.gradle.internal.resolve.result.DefaultBuildableModuleComponentMetaDataResolveResult::missing (13 bytes)
Event: 1234.172 Thread 0x000001d4c8373800 nmethod 19763 0x000001d4b36be890 code [0x000001d4b36bea40, 0x000001d4b36bec78]
Event: 1234.181 Thread 0x000001d4c8373800 19765       3       org.gradle.internal.io.StreamByteBuffer::prepareRead (102 bytes)
Event: 1234.181 Thread 0x000001d4c8373800 nmethod 19765 0x000001d4b36bed90 code [0x000001d4b36befc0, 0x000001d4b36bf7f8]

GC Heap History (20 events):
Event: 29.178 GC heap before
{Heap before GC invocations=12 (full 0):
 garbage-first heap   total 260096K, used 194409K [0x0000000080000000, 0x0000000100000000)
  region size 1024K, 151 young (154624K), 15 survivors (15360K)
 Metaspace       used 80233K, capacity 82206K, committed 82432K, reserved 1120256K
  class space    used 10495K, capacity 11256K, committed 11264K, reserved 1048576K
}
Event: 29.212 GC heap after
{Heap after GC invocations=13 (full 0):
 garbage-first heap   total 260096K, used 66690K [0x0000000080000000, 0x0000000100000000)
  region size 1024K, 17 young (17408K), 17 survivors (17408K)
 Metaspace       used 80233K, capacity 82206K, committed 82432K, reserved 1120256K
  class space    used 10495K, capacity 11256K, committed 11264K, reserved 1048576K
}
Event: 33.467 GC heap before
{Heap before GC invocations=13 (full 0):
 garbage-first heap   total 260096K, used 197762K [0x0000000080000000, 0x0000000100000000)
  region size 1024K, 146 young (149504K), 17 survivors (17408K)
 Metaspace       used 83712K, capacity 86269K, committed 86528K, reserved 1124352K
  class space    used 11014K, capacity 11955K, committed 12032K, reserved 1048576K
}
Event: 33.520 GC heap after
{Heap after GC invocations=14 (full 0):
 garbage-first heap   total 260096K, used 78781K [0x0000000080000000, 0x0000000100000000)
  region size 1024K, 13 young (13312K), 13 survivors (13312K)
 Metaspace       used 83712K, capacity 86269K, committed 86528K, reserved 1124352K
  class space    used 11014K, capacity 11955K, committed 12032K, reserved 1048576K
}
Event: 40.253 GC heap before
{Heap before GC invocations=14 (full 0):
 garbage-first heap   total 260096K, used 204733K [0x0000000080000000, 0x0000000100000000)
  region size 1024K, 133 young (136192K), 13 survivors (13312K)
 Metaspace       used 92338K, capacity 95132K, committed 95360K, reserved 1132544K
  class space    used 12006K, capacity 13099K, committed 13184K, reserved 1048576K
}
Event: 40.289 GC heap after
{Heap after GC invocations=15 (full 0):
 garbage-first heap   total 260096K, used 96141K [0x0000000080000000, 0x0000000100000000)
  region size 1024K, 16 young (16384K), 16 survivors (16384K)
 Metaspace       used 92338K, capacity 95132K, committed 95360K, reserved 1132544K
  class space    used 12006K, capacity 13099K, committed 13184K, reserved 1048576K
}
Event: 46.802 GC heap before
{Heap before GC invocations=15 (full 0):
 garbage-first heap   total 260096K, used 201613K [0x0000000080000000, 0x0000000100000000)
  region size 1024K, 120 young (122880K), 16 survivors (16384K)
 Metaspace       used 100687K, capacity 103790K, committed 103936K, reserved 1138688K
  class space    used 13088K, capacity 14235K, committed 14336K, reserved 1048576K
}
Event: 46.817 GC heap after
{Heap after GC invocations=16 (full 0):
 garbage-first heap   total 260096K, used 94468K [0x0000000080000000, 0x0000000100000000)
  region size 1024K, 6 young (6144K), 6 survivors (6144K)
 Metaspace       used 100687K, capacity 103790K, committed 103936K, reserved 1138688K
  class space    used 13088K, capacity 14235K, committed 14336K, reserved 1048576K
}
Event: 50.486 GC heap before
{Heap before GC invocations=16 (full 0):
 garbage-first heap   total 260096K, used 204036K [0x0000000080000000, 0x0000000100000000)
  region size 1024K, 114 young (116736K), 6 survivors (6144K)
 Metaspace       used 113373K, capacity 117052K, committed 117120K, reserved 1150976K
  class space    used 15011K, capacity 16453K, committed 16512K, reserved 1048576K
}
Event: 50.499 GC heap after
{Heap after GC invocations=17 (full 0):
 garbage-first heap   total 260096K, used 99051K [0x0000000080000000, 0x0000000100000000)
  region size 1024K, 11 young (11264K), 11 survivors (11264K)
 Metaspace       used 113373K, capacity 117052K, committed 117120K, reserved 1150976K
  class space    used 15011K, capacity 16453K, committed 16512K, reserved 1048576K
}
Event: 50.874 GC heap before
{Heap before GC invocations=17 (full 0):
 garbage-first heap   total 260096K, used 135915K [0x0000000080000000, 0x0000000100000000)
  region size 1024K, 22 young (22528K), 11 survivors (11264K)
 Metaspace       used 114327K, capacity 118038K, committed 118272K, reserved 1150976K
  class space    used 15140K, capacity 16589K, committed 16640K, reserved 1048576K
}
Event: 50.906 GC heap after
{Heap after GC invocations=18 (full 0):
 garbage-first heap   total 260096K, used 116036K [0x0000000080000000, 0x0000000100000000)
  region size 1024K, 7 young (7168K), 7 survivors (7168K)
 Metaspace       used 114327K, capacity 118038K, committed 118272K, reserved 1150976K
  class space    used 15140K, capacity 16589K, committed 16640K, reserved 1048576K
}
Event: 1164.874 GC heap before
{Heap before GC invocations=19 (full 0):
 garbage-first heap   total 260096K, used 220484K [0x0000000080000000, 0x0000000100000000)
  region size 1024K, 103 young (105472K), 7 survivors (7168K)
 Metaspace       used 116063K, capacity 119801K, committed 119936K, reserved 1153024K
  class space    used 15236K, capacity 16675K, committed 16768K, reserved 1048576K
}
Event: 1164.880 GC heap after
{Heap after GC invocations=20 (full 0):
 garbage-first heap   total 260096K, used 99499K [0x0000000080000000, 0x0000000100000000)
  region size 1024K, 7 young (7168K), 7 survivors (7168K)
 Metaspace       used 116063K, capacity 119801K, committed 119936K, reserved 1153024K
  class space    used 15236K, capacity 16675K, committed 16768K, reserved 1048576K
}
Event: 1179.916 GC heap before
{Heap before GC invocations=20 (full 0):
 garbage-first heap   total 260096K, used 233643K [0x0000000080000000, 0x0000000100000000)
  region size 1024K, 120 young (122880K), 7 survivors (7168K)
 Metaspace       used 121123K, capacity 125077K, committed 125440K, reserved 1157120K
  class space    used 15773K, capacity 17298K, committed 17408K, reserved 1048576K
}
Event: 1179.933 GC heap after
{Heap after GC invocations=21 (full 0):
 garbage-first heap   total 260096K, used 106046K [0x0000000080000000, 0x0000000100000000)
  region size 1024K, 13 young (13312K), 13 survivors (13312K)
 Metaspace       used 121123K, capacity 125077K, committed 125440K, reserved 1157120K
  class space    used 15773K, capacity 17298K, committed 17408K, reserved 1048576K
}
Event: 1186.064 GC heap before
{Heap before GC invocations=21 (full 0):
 garbage-first heap   total 260096K, used 218686K [0x0000000080000000, 0x0000000100000000)
  region size 1024K, 120 young (122880K), 13 survivors (13312K)
 Metaspace       used 123318K, capacity 127265K, committed 127360K, reserved 1159168K
  class space    used 15949K, capacity 17502K, committed 17536K, reserved 1048576K
}
Event: 1186.086 GC heap after
{Heap after GC invocations=22 (full 0):
 garbage-first heap   total 260096K, used 115363K [0x0000000080000000, 0x0000000100000000)
  region size 1024K, 15 young (15360K), 15 survivors (15360K)
 Metaspace       used 123318K, capacity 127265K, committed 127360K, reserved 1159168K
  class space    used 15949K, capacity 17502K, committed 17536K, reserved 1048576K
}
Event: 1187.700 GC heap before
{Heap before GC invocations=22 (full 0):
 garbage-first heap   total 260096K, used 221859K [0x0000000080000000, 0x0000000100000000)
  region size 1024K, 104 young (106496K), 15 survivors (15360K)
 Metaspace       used 124886K, capacity 128881K, committed 129024K, reserved 1161216K
  class space    used 15999K, capacity 17577K, committed 17664K, reserved 1048576K
}
Event: 1187.719 GC heap after
{Heap after GC invocations=23 (full 0):
 garbage-first heap   total 260096K, used 125905K [0x0000000080000000, 0x0000000100000000)
  region size 1024K, 6 young (6144K), 6 survivors (6144K)
 Metaspace       used 124886K, capacity 128881K, committed 129024K, reserved 1161216K
  class space    used 15999K, capacity 17577K, committed 17664K, reserved 1048576K
}

Deoptimization events (20 events):
Event: 1187.738 Thread 0x000001d4d01e2800 Uncommon trap: trap_request=0xffffffbe fr.pc=0x000001d4b8db03a0 relative=0x0000000000000a60
Event: 1187.738 Thread 0x000001d4d01e2800 Uncommon trap: reason=profile_predicate action=maybe_recompile pc=0x000001d4b8db03a0 method=java.math.MutableBigInteger.add(Ljava/math/MutableBigInteger;)V @ 68 c2
Event: 1187.738 Thread 0x000001d4d01e2800 DEOPT PACKING pc=0x000001d4b8db03a0 sp=0x00000093f0ffcf70
Event: 1187.738 Thread 0x000001d4d01e2800 DEOPT UNPACKING pc=0x000001d4b09aa1af sp=0x00000093f0ffcf00 mode 2
Event: 1187.738 Thread 0x000001d4d01e2800 Uncommon trap: trap_request=0xffffffbe fr.pc=0x000001d4b8db03a0 relative=0x0000000000000a60
Event: 1187.738 Thread 0x000001d4d01e2800 Uncommon trap: reason=profile_predicate action=maybe_recompile pc=0x000001d4b8db03a0 method=java.math.MutableBigInteger.add(Ljava/math/MutableBigInteger;)V @ 68 c2
Event: 1187.738 Thread 0x000001d4d01e2800 DEOPT PACKING pc=0x000001d4b8db03a0 sp=0x00000093f0ffcf70
Event: 1187.738 Thread 0x000001d4d01e2800 DEOPT UNPACKING pc=0x000001d4b09aa1af sp=0x00000093f0ffcf00 mode 2
Event: 1187.738 Thread 0x000001d4d01e2800 Uncommon trap: trap_request=0xffffffbe fr.pc=0x000001d4b8db03a0 relative=0x0000000000000a60
Event: 1187.738 Thread 0x000001d4d01e2800 Uncommon trap: reason=profile_predicate action=maybe_recompile pc=0x000001d4b8db03a0 method=java.math.MutableBigInteger.add(Ljava/math/MutableBigInteger;)V @ 68 c2
Event: 1187.738 Thread 0x000001d4d01e2800 DEOPT PACKING pc=0x000001d4b8db03a0 sp=0x00000093f0ffcf70
Event: 1187.738 Thread 0x000001d4d01e2800 DEOPT UNPACKING pc=0x000001d4b09aa1af sp=0x00000093f0ffcf00 mode 2
Event: 1187.961 Thread 0x000001d4d36e7000 Uncommon trap: trap_request=0xffffff4d fr.pc=0x000001d4b8db3108 relative=0x0000000000000b48
Event: 1187.961 Thread 0x000001d4d36e7000 Uncommon trap: reason=unstable_if action=reinterpret pc=0x000001d4b8db3108 method=java.util.concurrent.locks.AbstractQueuedSynchronizer$ConditionObject.checkInterruptWhileWaiting(Ljava/util/concurrent/locks/AbstractQueuedSynchronizer$Node;)I @ 3 c2
Event: 1187.961 Thread 0x000001d4d36e7000 DEOPT PACKING pc=0x000001d4b8db3108 sp=0x00000093f00ff150
Event: 1187.962 Thread 0x000001d4d36e7000 DEOPT UNPACKING pc=0x000001d4b09aa1af sp=0x00000093f00ff098 mode 2
Event: 1234.164 Thread 0x000001d4d360d800 Uncommon trap: trap_request=0xffffffde fr.pc=0x000001d4b8eec6ac relative=0x0000000000000a2c
Event: 1234.164 Thread 0x000001d4d360d800 Uncommon trap: reason=class_check action=maybe_recompile pc=0x000001d4b8eec6ac method=org.gradle.cache.internal.LockOnDemandCrossProcessCacheAccess.incrementLockCount()V @ 97 c2
Event: 1234.164 Thread 0x000001d4d360d800 DEOPT PACKING pc=0x000001d4b8eec6ac sp=0x00000093e80f6bb0
Event: 1234.164 Thread 0x000001d4d360d800 DEOPT UNPACKING pc=0x000001d4b09aa1af sp=0x00000093e80f6b90 mode 2

Classes redefined (0 events):
No events

Internal exceptions (20 events):
Event: 1186.161 Thread 0x000001d4d36e9000 Exception <a 'sun/nio/fs/WindowsException'{0x000000008f9eb0f0}> (0x000000008f9eb0f0) thrown at [src/hotspot/share/prims/jni.cpp, line 617]
Event: 1186.196 Thread 0x000001d4d01e2800 Exception <a 'sun/nio/fs/WindowsException'{0x000000008f6e7b80}> (0x000000008f6e7b80) thrown at [src/hotspot/share/prims/jni.cpp, line 617]
Event: 1186.365 Thread 0x000001d4d36ec800 Exception <a 'sun/nio/fs/WindowsException'{0x000000008e1fd890}> (0x000000008e1fd890) thrown at [src/hotspot/share/prims/jni.cpp, line 617]
Event: 1186.368 Thread 0x000001d4d36ec800 Exception <a 'sun/nio/fs/WindowsException'{0x000000008e0bf0e0}> (0x000000008e0bf0e0) thrown at [src/hotspot/share/prims/jni.cpp, line 617]
Event: 1186.386 Thread 0x000001d4d01e2800 Exception <a 'java/lang/NoSuchMethodError'{0x000000008de6a918}: 'java.lang.Object java.lang.invoke.DirectMethodHandle$Holder.invokeInterface(java.lang.Object, java.lang.Object, int)'> (0x000000008de6a918) thrown at [src/hotspot/share/interpreter/linkResolver.cpp, line 773]
Event: 1186.391 Thread 0x000001d4d36e9000 Exception <a 'sun/nio/fs/WindowsException'{0x000000008decd2f8}> (0x000000008decd2f8) thrown at [src/hotspot/share/prims/jni.cpp, line 617]
Event: 1186.405 Thread 0x000001d4d36e9000 Exception <a 'sun/nio/fs/WindowsException'{0x000000008ded6130}> (0x000000008ded6130) thrown at [src/hotspot/share/prims/jni.cpp, line 617]
Event: 1186.413 Thread 0x000001d4d36e9000 Exception <a 'sun/nio/fs/WindowsException'{0x000000008db94508}> (0x000000008db94508) thrown at [src/hotspot/share/prims/jni.cpp, line 617]
Event: 1186.435 Thread 0x000001d4d36e9000 Exception <a 'sun/nio/fs/WindowsException'{0x000000008d9c2ec0}> (0x000000008d9c2ec0) thrown at [src/hotspot/share/prims/jni.cpp, line 617]
Event: 1186.486 Thread 0x000001d4d01e2800 Exception <a 'sun/nio/fs/WindowsException'{0x000000008d35f648}> (0x000000008d35f648) thrown at [src/hotspot/share/prims/jni.cpp, line 617]
Event: 1186.497 Thread 0x000001d4d01e2800 Exception <a 'sun/nio/fs/WindowsException'{0x000000008d26a8e0}> (0x000000008d26a8e0) thrown at [src/hotspot/share/prims/jni.cpp, line 617]
Event: 1186.500 Thread 0x000001d4d01e2800 Exception <a 'sun/nio/fs/WindowsException'{0x000000008d2da930}> (0x000000008d2da930) thrown at [src/hotspot/share/prims/jni.cpp, line 617]
Event: 1186.508 Thread 0x000001d4d36e8800 Exception <a 'sun/nio/fs/WindowsException'{0x000000008d3e9ee0}> (0x000000008d3e9ee0) thrown at [src/hotspot/share/prims/jni.cpp, line 617]
Event: 1186.529 Thread 0x000001d4d36e8800 Exception <a 'sun/nio/fs/WindowsException'{0x000000008d3f3310}> (0x000000008d3f3310) thrown at [src/hotspot/share/prims/jni.cpp, line 617]
Event: 1186.574 Thread 0x000001d4d01e1000 Exception <a 'java/lang/NoSuchMethodError'{0x000000008cb1be88}: 'int java.lang.invoke.DirectMethodHandle$Holder.invokeStatic(java.lang.Object, java.lang.Object, int, java.lang.Object)'> (0x000000008cb1be88) thrown at [src/hotspot/share/interpreter/linkResolver.cpp, line 773]
Event: 1187.367 Thread 0x000001d4d36e9000 Exception <a 'sun/nio/fs/WindowsException'{0x000000008aff23d0}> (0x000000008aff23d0) thrown at [src/hotspot/share/prims/jni.cpp, line 617]
Event: 1187.415 Thread 0x000001d4d36e9000 Exception <a 'sun/nio/fs/WindowsException'{0x000000008adab088}> (0x000000008adab088) thrown at [src/hotspot/share/prims/jni.cpp, line 617]
Event: 1187.950 Thread 0x000001d4d360d800 Exception <a 'sun/nio/fs/WindowsException'{0x000000008fc60948}> (0x000000008fc60948) thrown at [src/hotspot/share/prims/jni.cpp, line 617]
Event: 1187.950 Thread 0x000001d4d360d800 Exception <a 'sun/nio/fs/WindowsException'{0x000000008fc609d0}> (0x000000008fc609d0) thrown at [src/hotspot/share/prims/jni.cpp, line 617]
Event: 1187.950 Thread 0x000001d4d360d800 Exception <a 'sun/nio/fs/WindowsException'{0x000000008fc623b8}> (0x000000008fc623b8) thrown at [src/hotspot/share/prims/jni.cpp, line 617]

Events (20 events):
Event: 1188.082 Executing VM operation: RevokeBias done
Event: 1188.082 Executing VM operation: RevokeBias
Event: 1188.082 Executing VM operation: RevokeBias done
Event: 1188.082 Thread 0x000001d4d360b000 Thread exited: 0x000001d4d360b000
Event: 1188.160 Thread 0x000001d4cae88800 Thread exited: 0x000001d4cae88800
Event: 1193.250 Thread 0x000001d4cae8b000 Thread exited: 0x000001d4cae8b000
Event: 1234.092 Thread 0x000001d4cafe6000 Thread added: 0x000001d4cafe6000
Event: 1234.094 Thread 0x000001d4cafe8000 Thread added: 0x000001d4cafe8000
Event: 1234.099 Thread 0x000001d4cafe5800 Thread added: 0x000001d4cafe5800
Event: 1234.101 Thread 0x000001d4cafe2000 Thread added: 0x000001d4cafe2000
Event: 1234.102 Thread 0x000001d4cafe7000 Thread added: 0x000001d4cafe7000
Event: 1234.115 Thread 0x000001d4cafe8800 Thread added: 0x000001d4cafe8800
Event: 1234.118 Thread 0x000001d4cafe3000 Thread added: 0x000001d4cafe3000
Event: 1234.121 Thread 0x000001d4cafe9800 Thread added: 0x000001d4cafe9800
Event: 1234.123 Thread 0x000001d4cafe4000 Thread added: 0x000001d4cafe4000
Event: 1234.134 Thread 0x000001d4caff0000 Thread added: 0x000001d4caff0000
Event: 1234.162 Thread 0x000001d4cafea800 Thread added: 0x000001d4cafea800
Event: 1234.166 Executing VM operation: ICBufferFull
Event: 1234.166 Executing VM operation: ICBufferFull done
Event: 1234.168 Thread 0x000001d4cae88800 Thread added: 0x000001d4cae88800


Dynamic libraries:
0x00007ff65cb30000 - 0x00007ff65cb3a000 	C:\Program Files\Android\Android Studio1\jbr\bin\java.exe
0x00007fffd5bb0000 - 0x00007fffd5da8000 	C:\WINDOWS\SYSTEM32\ntdll.dll
0x00007fffd56c0000 - 0x00007fffd577f000 	C:\WINDOWS\System32\KERNEL32.DLL
0x00007fffd35d0000 - 0x00007fffd38a2000 	C:\WINDOWS\System32\KERNELBASE.dll
0x00007fffd39f0000 - 0x00007fffd3af0000 	C:\WINDOWS\System32\ucrtbase.dll
0x00007fffa2500000 - 0x00007fffa251b000 	C:\Program Files\Android\Android Studio1\jbr\bin\VCRUNTIME140.dll
0x00007fff9f7f0000 - 0x00007fff9f807000 	C:\Program Files\Android\Android Studio1\jbr\bin\jli.dll
0x00007fffd4620000 - 0x00007fffd47c1000 	C:\WINDOWS\System32\USER32.dll
0x00007fffd3490000 - 0x00007fffd34b2000 	C:\WINDOWS\System32\win32u.dll
0x00007fffb8f50000 - 0x00007fffb91ea000 	C:\WINDOWS\WinSxS\amd64_microsoft.windows.common-controls_6595b64144ccf1df_6.0.19041.1110_none_60b5254171f9507e\COMCTL32.dll
0x00007fffd5b40000 - 0x00007fffd5b6b000 	C:\WINDOWS\System32\GDI32.dll
0x00007fffd4580000 - 0x00007fffd461e000 	C:\WINDOWS\System32\msvcrt.dll
0x00007fffd34c0000 - 0x00007fffd35cf000 	C:\WINDOWS\System32\gdi32full.dll
0x00007fffd3920000 - 0x00007fffd39bd000 	C:\WINDOWS\System32\msvcp_win.dll
0x00007fffd3bf0000 - 0x00007fffd3c22000 	C:\WINDOWS\System32\IMM32.DLL
0x00007fffa5750000 - 0x00007fffa575c000 	C:\Program Files\Android\Android Studio1\jbr\bin\vcruntime140_1.dll
0x00007fff99320000 - 0x00007fff993ad000 	C:\Program Files\Android\Android Studio1\jbr\bin\msvcp140.dll
0x00007fff8d020000 - 0x00007fff8dbdc000 	C:\Program Files\Android\Android Studio1\jbr\bin\server\jvm.dll
0x00007fffd4f90000 - 0x00007fffd503e000 	C:\WINDOWS\System32\ADVAPI32.dll
0x00007fffd4db0000 - 0x00007fffd4e4c000 	C:\WINDOWS\System32\sechost.dll
0x00007fffd4450000 - 0x00007fffd4575000 	C:\WINDOWS\System32\RPCRT4.dll
0x00007fffd5780000 - 0x00007fffd5788000 	C:\WINDOWS\System32\PSAPI.DLL
0x00007fffbb3e0000 - 0x00007fffbb3e9000 	C:\WINDOWS\SYSTEM32\WSOCK32.dll
0x00007fffd5160000 - 0x00007fffd51cb000 	C:\WINDOWS\System32\WS2_32.dll
0x00007fffb01a0000 - 0x00007fffb01c7000 	C:\WINDOWS\SYSTEM32\WINMM.dll
0x00007fffc98f0000 - 0x00007fffc98fa000 	C:\WINDOWS\SYSTEM32\VERSION.dll
0x00007fffd1d60000 - 0x00007fffd1d72000 	C:\WINDOWS\SYSTEM32\kernel.appcore.dll
0x00007fffcfee0000 - 0x00007fffcfef0000 	C:\Program Files\Android\Android Studio1\jbr\bin\verify.dll
0x00007fffc21c0000 - 0x00007fffc23a4000 	C:\WINDOWS\SYSTEM32\DBGHELP.DLL
0x00007fffb72d0000 - 0x00007fffb7305000 	C:\WINDOWS\SYSTEM32\dbgcore.DLL
0x00007fffd32a0000 - 0x00007fffd3322000 	C:\WINDOWS\System32\bcryptPrimitives.dll
0x00007fffa9b40000 - 0x00007fffa9b68000 	C:\Program Files\Android\Android Studio1\jbr\bin\java.dll
0x00007fffceca0000 - 0x00007fffcecaa000 	C:\Program Files\Android\Android Studio1\jbr\bin\jimage.dll
0x00007fffcec20000 - 0x00007fffcec38000 	C:\Program Files\Android\Android Studio1\jbr\bin\zip.dll
0x00007fffd3d00000 - 0x00007fffd4445000 	C:\WINDOWS\System32\SHELL32.dll
0x00007fffd1270000 - 0x00007fffd1a02000 	C:\WINDOWS\SYSTEM32\windows.storage.dll
0x00007fffd51d0000 - 0x00007fffd5525000 	C:\WINDOWS\System32\combase.dll
0x00007fffd2d00000 - 0x00007fffd2d30000 	C:\WINDOWS\SYSTEM32\Wldp.dll
0x00007fffd4ec0000 - 0x00007fffd4f6d000 	C:\WINDOWS\System32\SHCORE.dll
0x00007fffd5530000 - 0x00007fffd5585000 	C:\WINDOWS\System32\shlwapi.dll
0x00007fffd31e0000 - 0x00007fffd31ff000 	C:\WINDOWS\SYSTEM32\profapi.dll
0x00007fffc2b60000 - 0x00007fffc2b79000 	C:\Program Files\Android\Android Studio1\jbr\bin\net.dll
0x00007fffcd4a0000 - 0x00007fffcd5ac000 	C:\WINDOWS\SYSTEM32\WINHTTP.dll
0x00007fffd29f0000 - 0x00007fffd2a5a000 	C:\WINDOWS\system32\mswsock.dll
0x00007fffb1810000 - 0x00007fffb1823000 	C:\Program Files\Android\Android Studio1\jbr\bin\nio.dll
0x00007fffa1cc0000 - 0x00007fffa1ce7000 	C:\Users\ITSloaner\.gradle\native\e1d6ef7f7dcc3fd88c89a11ec53ec762bb8ba0a96d01ffa2cd45eb1d1d8dd5c5\windows-amd64\native-platform.dll
0x00007fff8e110000 - 0x00007fff8e254000 	C:\Users\ITSloaner\.gradle\native\0d407fdbe67a94daf76414ababcb853783967236a71b16ec16e742cd7a986fd3\windows-amd64\native-platform-file-events.dll
0x00007fffccd80000 - 0x00007fffccd8a000 	C:\Program Files\Android\Android Studio1\jbr\bin\management.dll
0x00007fffbbe30000 - 0x00007fffbbe3b000 	C:\Program Files\Android\Android Studio1\jbr\bin\management_ext.dll
0x00007fffd2be0000 - 0x00007fffd2bf8000 	C:\WINDOWS\SYSTEM32\CRYPTSP.dll
0x00007fffd22a0000 - 0x00007fffd22d4000 	C:\WINDOWS\system32\rsaenh.dll
0x00007fffd39c0000 - 0x00007fffd39e7000 	C:\WINDOWS\System32\bcrypt.dll
0x00007fffd31a0000 - 0x00007fffd31ce000 	C:\WINDOWS\SYSTEM32\USERENV.dll
0x00007fffd2c00000 - 0x00007fffd2c0c000 	C:\WINDOWS\SYSTEM32\CRYPTBASE.dll
0x00007fffd26e0000 - 0x00007fffd271b000 	C:\WINDOWS\SYSTEM32\IPHLPAPI.DLL
0x00007fffd58a0000 - 0x00007fffd58a8000 	C:\WINDOWS\System32\NSI.dll
0x00007fffca3b0000 - 0x00007fffca3c7000 	C:\WINDOWS\SYSTEM32\dhcpcsvc6.DLL
0x00007fffca460000 - 0x00007fffca47d000 	C:\WINDOWS\SYSTEM32\dhcpcsvc.DLL
0x00007fffd2720000 - 0x00007fffd27eb000 	C:\WINDOWS\SYSTEM32\DNSAPI.dll
0x00007fffa5dd0000 - 0x00007fffa5df7000 	C:\Program Files\Android\Android Studio1\jbr\bin\sunec.dll
0x00007fffd23c0000 - 0x00007fffd23f3000 	C:\WINDOWS\SYSTEM32\ntmarta.dll

dbghelp: loaded successfully - version: 4.0.5 - missing functions: none
symbol engine: initialized successfully - sym options: 0x614 - pdb path: .;C:\Program Files\Android\Android Studio1\jbr\bin;C:\WINDOWS\SYSTEM32;C:\WINDOWS\WinSxS\amd64_microsoft.windows.common-controls_6595b64144ccf1df_6.0.19041.1110_none_60b5254171f9507e;C:\Program Files\Android\Android Studio1\jbr\bin\server;C:\Users\ITSloaner\.gradle\native\e1d6ef7f7dcc3fd88c89a11ec53ec762bb8ba0a96d01ffa2cd45eb1d1d8dd5c5\windows-amd64;C:\Users\ITSloaner\.gradle\native\0d407fdbe67a94daf76414ababcb853783967236a71b16ec16e742cd7a986fd3\windows-amd64

VM Arguments:
jvm_args: --add-opens=java.base/java.util=ALL-UNNAMED --add-opens=java.base/java.lang=ALL-UNNAMED --add-opens=java.base/java.lang.invoke=ALL-UNNAMED --add-opens=java.base/java.util=ALL-UNNAMED --add-opens=java.prefs/java.util.prefs=ALL-UNNAMED --add-opens=java.prefs/java.util.prefs=ALL-UNNAMED --add-opens=java.base/java.nio.charset=ALL-UNNAMED --add-opens=java.base/java.net=ALL-UNNAMED --add-opens=java.base/java.util.concurrent.atomic=ALL-UNNAMED -Xmx2048m -Dfile.encoding=UTF-8 -Duser.country=US -Duser.language=en -Duser.variant 
java_command: org.gradle.launcher.daemon.bootstrap.GradleDaemon 7.5
java_class_path (initial): C:\Users\ITSloaner\.gradle\wrapper\dists\gradle-7.5-bin\f1w0cc9nuo0eivz97x2xlu9sv\gradle-7.5\lib\gradle-launcher-7.5.jar
Launcher Type: SUN_STANDARD

[Global flags]
     intx CICompilerCount                          = 4                                         {product} {ergonomic}
     uint ConcGCThreads                            = 2                                         {product} {ergonomic}
     uint G1ConcRefinementThreads                  = 8                                         {product} {ergonomic}
   size_t G1HeapRegionSize                         = 1048576                                   {product} {ergonomic}
    uintx GCDrainStackTargetSize                   = 64                                        {product} {ergonomic}
   size_t InitialHeapSize                          = 266338304                                 {product} {ergonomic}
   size_t MarkStackSize                            = 4194304                                   {product} {ergonomic}
   size_t MaxHeapSize                              = 2147483648                                {product} {command line}
   size_t MaxNewSize                               = 1287651328                                {product} {ergonomic}
   size_t MinHeapDeltaBytes                        = 1048576                                   {product} {ergonomic}
    uintx NonNMethodCodeHeapSize                   = 5836300                                {pd product} {ergonomic}
    uintx NonProfiledCodeHeapSize                  = 122910970                              {pd product} {ergonomic}
    uintx ProfiledCodeHeapSize                     = 122910970                              {pd product} {ergonomic}
    uintx ReservedCodeCacheSize                    = 251658240                              {pd product} {ergonomic}
     bool SegmentedCodeCache                       = true                                      {product} {ergonomic}
     bool UseCompressedClassPointers               = true                                 {lp64_product} {ergonomic}
     bool UseCompressedOops                        = true                                 {lp64_product} {ergonomic}
     bool UseG1GC                                  = true                                      {product} {ergonomic}
     bool UseLargePagesIndividualAllocation        = false                                  {pd product} {ergonomic}

Logging:
Log output configuration:
 #0: stdout all=warning uptime,level,tags
 #1: stderr all=off uptime,level,tags

Environment Variables:
PATH=C:\Program Files\Java\jdk-17\bin;C:\Program Files\Common Files\Oracle\Java\javapath;C:\Program Files (x86)\Common Files\Oracle\Java\javapath;C:\WINDOWS\system32;C:\WINDOWS;C:\Program Files\Java\jre1.8.0_202\bin;C:\WINDOWS\System32\Wbem;C:\WINDOWS\System32\WindowsPowerShell\v1.0\;C:\WINDOWS\System32\OpenSSH\;C:\Program Files\MATLAB\R2021b\bin;C:\Program Files\Git\cmd;C:\Program Files\nodejs\;C:\Program Files\dotnet\;C:\Program Files\Amazon\AWSCLIV2\;C:\Users\ITSloaner\AppData\Local\Programs\Python\Python311\Scripts\;C:\Users\ITSloaner\AppData\Local\Programs\Python\Python311\;C:\Program Files\Java\jdk-17\bin;C:\Users\ITSloaner\AppData\Local\Microsoft\WindowsApps;C:\Users\ITSloaner\AppData\Local\Programs\Microsoft VS Code\bin;C:\Program Files\Java\jre1.8.0_202\bin;C:\Users\ITSloaner\AppData\Local\GitHubDesktop\bin;C:\Users\ITSloaner\AppData\Roaming\npm;C:\intelFPGA_lite\18.1\modelsim_ase\win32aloem
USERNAME=ITSloaner
OS=Windows_NT
PROCESSOR_IDENTIFIER=Intel64 Family 6 Model 142 Stepping 12, GenuineIntel



---------------  S Y S T E M  ---------------

OS: Windows 10 , 64 bit Build 19041 (10.0.19041.2546)
OS uptime: 0 days 21:10 hours

CPU:total 8 (initial active 8) (4 cores per cpu, 2 threads per core) family 6 model 142 stepping 12 microcode 0xc6, cmov, cx8, fxsr, mmx, sse, sse2, sse3, ssse3, sse4.1, sse4.2, popcnt, avx, avx2, aes, clmul, erms, 3dnowpref, lzcnt, ht, tsc, tscinvbit, bmi1, bmi2, adx, fma

Memory: 4k page, system-wide physical 16194M (2295M free)
TotalPageFile size 46556M (AvailPageFile size 5M)
current process WorkingSet (physical memory assigned to process): 573M, peak: 613M
current process commit charge ("private bytes"): 621M, peak: 652M

vm_info: OpenJDK 64-Bit Server VM (11.0.15+0-b2043.56-9505619) for windows-amd64 JRE (11.0.15+0-b2043.56-9505619), built on Jan 19 2023 02:48:00 by "builduser" with unknown MS VC++:1929

END.
